`/home/assembly/data/schilthuizen/RawData/C0A7AACXX_101851-07_CAGATC_L001_R1.fastq.gz': discarded 2890 reads shorter than 23 bases
`/home/assembly/data/schilthuizen/RawData/C0A7AACXX_101851-07_CAGATC_L001_R1.fastq.gz': discarded 3 reads containing non-ACGT characters
`/home/assembly/data/schilthuizen/RawData/C0A7AACXX_101851-07_CAGATC_L001_R2.fastq.gz': discarded 44564 reads shorter than 23 bases
`/home/assembly/data/schilthuizen/RawData/C0A7AACXX_101851-07_CAGATC_L001_R2.fastq.gz': discarded 4201 reads containing non-ACGT characters
`/home/assembly/data/schilthuizen/RawData/C0A7AACXX_101851-07_CAGATC_L002_R1.fastq.gz': discarded 2994 reads shorter than 23 bases
`/home/assembly/data/schilthuizen/RawData/C0A7AACXX_101851-07_CAGATC_L002_R1.fastq.gz': discarded 3 reads containing non-ACGT characters
`/home/assembly/data/schilthuizen/RawData/C0A7AACXX_101851-07_CAGATC_L002_R2.fastq.gz': discarded 39290 reads shorter than 23 bases
`/home/assembly/data/schilthuizen/RawData/C0A7AACXX_101851-07_CAGATC_L002_R2.fastq.gz': discarded 1578 reads containing non-ACGT characters
`/home/assembly/data/schilthuizen/RawData/D0TRBACXX_101851-07_CAGATC_L004_R1.fastq.gz': discarded 10546 reads shorter than 23 bases
`/home/assembly/data/schilthuizen/RawData/D0TRBACXX_101851-07_CAGATC_L004_R1.fastq.gz': discarded 99 reads containing non-ACGT characters
`/home/assembly/data/schilthuizen/RawData/D0TRBACXX_101851-07_CAGATC_L004_R2.fastq.gz': discarded 199005 reads shorter than 23 bases
`/home/assembly/data/schilthuizen/RawData/D0TRBACXX_101851-07_CAGATC_L004_R2.fastq.gz': discarded 3448 reads containing non-ACGT characters
`/home/assembly/data/schilthuizen/RawData/C0A7AACXX_101851-10_CTTGTA_L001_R1.fastq.gz': discarded 2836 reads shorter than 23 bases
`/home/assembly/data/schilthuizen/RawData/C0A7AACXX_101851-10_CTTGTA_L001_R1.fastq.gz': discarded 9 reads containing non-ACGT characters
`/home/assembly/data/schilthuizen/RawData/C0A7AACXX_101851-10_CTTGTA_L001_R2.fastq.gz': discarded 57010 reads shorter than 23 bases
`/home/assembly/data/schilthuizen/RawData/C0A7AACXX_101851-10_CTTGTA_L001_R2.fastq.gz': discarded 4878 reads containing non-ACGT characters
`/home/assembly/data/schilthuizen/RawData/C0A7AACXX_101851-10_CTTGTA_L002_R1.fastq.gz': discarded 2934 reads shorter than 23 bases
`/home/assembly/data/schilthuizen/RawData/C0A7AACXX_101851-10_CTTGTA_L002_R1.fastq.gz': discarded 1 reads containing non-ACGT characters
`/home/assembly/data/schilthuizen/RawData/C0A7AACXX_101851-10_CTTGTA_L002_R2.fastq.gz': discarded 50081 reads shorter than 23 bases
`/home/assembly/data/schilthuizen/RawData/C0A7AACXX_101851-10_CTTGTA_L002_R2.fastq.gz': discarded 1943 reads containing non-ACGT characters
`/home/assembly/data/schilthuizen/RawData/D0TRBACXX_101851-10_CTTGTA_L004_R1.fastq.gz': discarded 12156 reads shorter than 23 bases
`/home/assembly/data/schilthuizen/RawData/D0TRBACXX_101851-10_CTTGTA_L004_R1.fastq.gz': discarded 133 reads containing non-ACGT characters
`/home/assembly/data/schilthuizen/RawData/D0TRBACXX_101851-10_CTTGTA_L004_R2.fastq.gz': discarded 259681 reads shorter than 23 bases
`/home/assembly/data/schilthuizen/RawData/D0TRBACXX_101851-10_CTTGTA_L004_R2.fastq.gz': discarded 4239 reads containing non-ACGT characters
The minimum coverage of single-end contigs is 2.33333.
The minimum coverage of merged contigs is 3.31667.
Consider increasing the coverage threshold parameter, c, to 3.31667.
Building the suffix array...
Building the suffix array...
Building the suffix array...
Building the suffix array...
Building the suffix array...
Building the suffix array...
Building the Burrows-Wheeler transform...
Building the character occurrence table...
Building the Burrows-Wheeler transform...
Building the character occurrence table...
Building the Burrows-Wheeler transform...
Building the character occurrence table...
Building the Burrows-Wheeler transform...
Building the character occurrence table...
Building the Burrows-Wheeler transform...
Building the Burrows-Wheeler transform...
Building the character occurrence table...
Building the character occurrence table...
Mateless          0
Unaligned     24001  0.129%
Singleton     57720  0.309%
FR          2482780  13.3%
RF              108  0.000579%
FF             7097  0.038%
Different  16081370  86.2%
Total      18653076
Mateless          0
Unaligned     44854  0.211%
Singleton     56063  0.264%
FR          2531701  11.9%
RF              119  0.000559%
FF             8338  0.0392%
Different  18627942  87.6%
Total      21269017
Mateless          0
Unaligned     22986  0.127%
Singleton     48485  0.267%
FR          2453918  13.5%
RF               96  0.000528%
FF             5912  0.0325%
Different  15634825  86.1%
Total      18166222
Mateless          0
Unaligned     46679  0.214%
Singleton     67051  0.307%
FR          2565582  11.7%
RF              126  0.000577%
FF             8590  0.0393%
Different  19165277  87.7%
Total      21853305
Mateless          0
Unaligned     92608  0.221%
Singleton    222717  0.532%
FR          5579783  13.3%
RF              225  0.000538%
FF             4979  0.0119%
Different  35944338  85.9%
Total      41844650
Mateless          0
Unaligned    149309  0.284%
Singleton    287592  0.547%
FR          6114496  11.6%
RF              308  0.000586%
FF            13187  0.0251%
Different  45983089  87.5%
Total      52547981
Ambiguous paths: 34121
Merged:          13651
No paths:        0
Too many paths:  2411
Too complex:     1648
Dissimilar:      16411
The minimum coverage of single-end contigs is 2.33333.
The minimum coverage of merged contigs is 3.31818.
Consider increasing the coverage threshold parameter, c, to 3.31818.
Building the suffix array...
Building the suffix array...
Building the suffix array...
Building the suffix array...
Building the suffix array...
Building the suffix array...
Building the Burrows-Wheeler transform...
Building the character occurrence table...
Building the Burrows-Wheeler transform...
Building the Burrows-Wheeler transform...
Building the character occurrence table...
Building the character occurrence table...
Building the Burrows-Wheeler transform...
Building the character occurrence table...
Building the Burrows-Wheeler transform...
Building the character occurrence table...
Building the Burrows-Wheeler transform...
Building the character occurrence table...
Mateless          0
Unaligned     24000  0.129%
Singleton     57747  0.31%
FR          2719057  14.6%
RF              157  0.000842%
FF             7215  0.0387%
Different  15844900  84.9%
Total      18653076
Mateless          0
Unaligned     22990  0.127%
Singleton     48512  0.267%
FR          2676877  14.7%
RF              153  0.000842%
FF             6028  0.0332%
Different  15411662  84.8%
Total      18166222
Mateless          0
Unaligned     44852  0.211%
Singleton     56100  0.264%
FR          2805121  13.2%
RF              192  0.000903%
FF             8562  0.0403%
Different  18354190  86.3%
Total      21269017
Mateless          0
Unaligned     46684  0.214%
Singleton     67080  0.307%
FR          2855133  13.1%
RF              191  0.000874%
FF             8810  0.0403%
Different  18875407  86.4%
Total      21853305
Mateless          0
Unaligned     92621  0.221%
Singleton    222813  0.532%
FR          6177157  14.8%
RF              355  0.000848%
FF             5180  0.0124%
Different  35346524  84.5%
Total      41844650
Mateless          0
Unaligned    149327  0.284%
Singleton    287738  0.548%
FR          6916203  13.2%
RF              472  0.000898%
FF            13610  0.0259%
Different  45180631  86%
Total      52547981
n	n:200	n:N50	min	N80	N50	N20	max	sum
51.31e6	439863	119914	200	379	659	1111	18269	243.6e6
Ambiguous paths: 36270
Merged:          2072
No paths:        1696
Too many paths:  71
Too complex:     32139
Dissimilar:      292
The minimum coverage of single-end contigs is 2.33333.
The minimum coverage of merged contigs is 3.31818.
Consider increasing the coverage threshold parameter, c, to 3.31818.
	Command being timed: "abyss-pe -j6 k=23 n=3 name=/home/assembly/de-novo-assembly/results/abyss/Gonioctena_quinquepunctata"
	User time (seconds): 317140.29
	System time (seconds): 15887.26
	Percent of CPU this job got: 301%
	Elapsed (wall clock) time (h:mm:ss or m:ss): 30:42:16
	Average shared text size (kbytes): 0
	Average unshared data size (kbytes): 0
	Average stack size (kbytes): 0
	Average total size (kbytes): 0
	Maximum resident set size (kbytes): 170614224
	Average resident set size (kbytes): 0
	Major (requiring I/O) page faults: 144809
	Minor (reclaiming a frame) page faults: 103967658
	Voluntary context switches: 527073053
	Involuntary context switches: 272724381
	Swaps: 0
	File system inputs: 242837896
	File system outputs: 262025344
	Socket messages sent: 0
	Socket messages received: 0
	Signals delivered: 0
	Page size (bytes): 4096
	Exit status: 0
