ABYSS -k23 -q3  --coverage-hist=coverage.hist -s /home/assembly/de-novo-assembly/results/abyss/Gonioctena_quinquepunctata-bubbles.fa  -o /home/assembly/de-novo-assembly/results/abyss/Gonioctena_quinquepunctata-1.fa /home/assembly/data/schilthuizen/RawData/C0A7AACXX_101851-07_CAGATC_L001_R1.fastq.gz /home/assembly/data/schilthuizen/RawData/C0A7AACXX_101851-07_CAGATC_L001_R2.fastq.gz /home/assembly/data/schilthuizen/RawData/C0A7AACXX_101851-07_CAGATC_L002_R1.fastq.gz /home/assembly/data/schilthuizen/RawData/C0A7AACXX_101851-07_CAGATC_L002_R2.fastq.gz /home/assembly/data/schilthuizen/RawData/D0TRBACXX_101851-07_CAGATC_L004_R1.fastq.gz /home/assembly/data/schilthuizen/RawData/D0TRBACXX_101851-07_CAGATC_L004_R2.fastq.gz /home/assembly/data/schilthuizen/RawData/C0A7AACXX_101851-10_CTTGTA_L001_R1.fastq.gz /home/assembly/data/schilthuizen/RawData/C0A7AACXX_101851-10_CTTGTA_L001_R2.fastq.gz /home/assembly/data/schilthuizen/RawData/C0A7AACXX_101851-10_CTTGTA_L002_R1.fastq.gz /home/assembly/data/schilthuizen/RawData/C0A7AACXX_101851-10_CTTGTA_L002_R2.fastq.gz /home/assembly/data/schilthuizen/RawData/D0TRBACXX_101851-10_CTTGTA_L004_R1.fastq.gz /home/assembly/data/schilthuizen/RawData/D0TRBACXX_101851-10_CTTGTA_L004_R2.fastq.gz 
ABySS 1.3.6
ABYSS -k23 -q3 --coverage-hist=coverage.hist -s /home/assembly/de-novo-assembly/results/abyss/Gonioctena_quinquepunctata-bubbles.fa -o /home/assembly/de-novo-assembly/results/abyss/Gonioctena_quinquepunctata-1.fa /home/assembly/data/schilthuizen/RawData/C0A7AACXX_101851-07_CAGATC_L001_R1.fastq.gz /home/assembly/data/schilthuizen/RawData/C0A7AACXX_101851-07_CAGATC_L001_R2.fastq.gz /home/assembly/data/schilthuizen/RawData/C0A7AACXX_101851-07_CAGATC_L002_R1.fastq.gz /home/assembly/data/schilthuizen/RawData/C0A7AACXX_101851-07_CAGATC_L002_R2.fastq.gz /home/assembly/data/schilthuizen/RawData/D0TRBACXX_101851-07_CAGATC_L004_R1.fastq.gz /home/assembly/data/schilthuizen/RawData/D0TRBACXX_101851-07_CAGATC_L004_R2.fastq.gz /home/assembly/data/schilthuizen/RawData/C0A7AACXX_101851-10_CTTGTA_L001_R1.fastq.gz /home/assembly/data/schilthuizen/RawData/C0A7AACXX_101851-10_CTTGTA_L001_R2.fastq.gz /home/assembly/data/schilthuizen/RawData/C0A7AACXX_101851-10_CTTGTA_L002_R1.fastq.gz /home/assembly/data/schilthuizen/RawData/C0A7AACXX_101851-10_CTTGTA_L002_R2.fastq.gz /home/assembly/data/schilthuizen/RawData/D0TRBACXX_101851-10_CTTGTA_L004_R1.fastq.gz /home/assembly/data/schilthuizen/RawData/D0TRBACXX_101851-10_CTTGTA_L004_R2.fastq.gz
Reading `/home/assembly/data/schilthuizen/RawData/C0A7AACXX_101851-07_CAGATC_L001_R1.fastq.gz'...
Reading `/home/assembly/data/schilthuizen/RawData/C0A7AACXX_101851-07_CAGATC_L001_R2.fastq.gz'...
Reading `/home/assembly/data/schilthuizen/RawData/C0A7AACXX_101851-07_CAGATC_L002_R1.fastq.gz'...
Reading `/home/assembly/data/schilthuizen/RawData/C0A7AACXX_101851-07_CAGATC_L002_R2.fastq.gz'...
Reading `/home/assembly/data/schilthuizen/RawData/D0TRBACXX_101851-07_CAGATC_L004_R1.fastq.gz'...
Reading `/home/assembly/data/schilthuizen/RawData/D0TRBACXX_101851-07_CAGATC_L004_R2.fastq.gz'...
Reading `/home/assembly/data/schilthuizen/RawData/C0A7AACXX_101851-10_CTTGTA_L001_R1.fastq.gz'...
Reading `/home/assembly/data/schilthuizen/RawData/C0A7AACXX_101851-10_CTTGTA_L001_R2.fastq.gz'...
Reading `/home/assembly/data/schilthuizen/RawData/C0A7AACXX_101851-10_CTTGTA_L002_R1.fastq.gz'...
Reading `/home/assembly/data/schilthuizen/RawData/C0A7AACXX_101851-10_CTTGTA_L002_R2.fastq.gz'...
Reading `/home/assembly/data/schilthuizen/RawData/D0TRBACXX_101851-10_CTTGTA_L004_R1.fastq.gz'...
Reading `/home/assembly/data/schilthuizen/RawData/D0TRBACXX_101851-10_CTTGTA_L004_R2.fastq.gz'...
Loaded 1646101461 k-mer
Minimum k-mer coverage is 3
Using a coverage threshold of 3...
The median k-mer coverage is 11
The reconstruction is 1063064743
The k-mer coverage threshold is 3.31662
Setting parameter e (erode) to 3
Setting parameter E (erodeStrand) to 1
Setting parameter c (coverage) to 3.31662
Generating adjacency
Added 3482285710 edges.
Eroding tips
Eroded 218259435 tips.
Eroded 0 tips.
Pruning tips shorter than 1 bp...
Pruned 6218 k-mer in 6218 tips.
Pruning tips shorter than 2 bp...
Pruned 9397 k-mer in 5125 tips.
Pruning tips shorter than 4 bp...
Pruned 28100 k-mer in 8790 tips.
Pruning tips shorter than 8 bp...
Pruned 80883 k-mer in 13806 tips.
Pruning tips shorter than 16 bp...
Pruned 197074 k-mer in 18259 tips.
Pruning tips shorter than 23 bp...
Pruned 170719 k-mer in 10376 tips.
Pruning tips shorter than 23 bp...
Pruned 50 k-mer in 5 tips.
Pruning tips shorter than 23 bp...
Pruned 62579 tips in 7 rounds.
Marked 327031476 edges of 143132364 ambiguous vertices.
Removing low-coverage contigs (mean k-mer coverage < 3.31662)
Found 1427318669 k-mer in 139930875 contigs before removing low-coverage contigs.
Removed 407582793 k-mer in 30677837 low-coverage contigs.
Split 61313351 ambigiuous branches.
Eroding tips
Eroded 2447592 tips.
Eroded 0 tips.
Pruning tips shorter than 1 bp...
Pruned 128094 k-mer in 128094 tips.
Pruning tips shorter than 2 bp...
Pruned 140329 k-mer in 86244 tips.
Pruning tips shorter than 4 bp...
Pruned 306035 k-mer in 107767 tips.
Pruning tips shorter than 8 bp...
Pruned 697108 k-mer in 127506 tips.
Pruning tips shorter than 16 bp...
Pruned 1583937 k-mer in 143435 tips.
Pruning tips shorter than 23 bp...
Pruned 1318577 k-mer in 71133 tips.
Pruning tips shorter than 23 bp...
Pruned 662 k-mer in 67 tips.
Pruning tips shorter than 23 bp...
Pruned 664246 tips in 7 rounds.
Popping bubbles
Removed 676775 bubbles.
Removed 676775 bubbles
Marked 176252223 edges of 76903076 ambiguous vertices.
Left 34610 unassembled k-mer in circular contigs.
Assembled 995433674 k-mer in 72114048 contigs.
Removed 632957003 k-mer.
The signal-to-noise ratio (SNR) is 2.04297 dB.
AdjList  -k23 -m50 /home/assembly/de-novo-assembly/results/abyss/Gonioctena_quinquepunctata-1.fa >/home/assembly/de-novo-assembly/results/abyss/Gonioctena_quinquepunctata-1.adj
abyss-filtergraph  -k23 -g /home/assembly/de-novo-assembly/results/abyss/Gonioctena_quinquepunctata-2.adj /home/assembly/de-novo-assembly/results/abyss/Gonioctena_quinquepunctata-1.adj >/home/assembly/de-novo-assembly/results/abyss/Gonioctena_quinquepunctata-1.path
PopBubbles  -j2 -k23 -p0.9  -g /home/assembly/de-novo-assembly/results/abyss/Gonioctena_quinquepunctata-3.adj /home/assembly/de-novo-assembly/results/abyss/Gonioctena_quinquepunctata-1.fa /home/assembly/de-novo-assembly/results/abyss/Gonioctena_quinquepunctata-2.adj >/home/assembly/de-novo-assembly/results/abyss/Gonioctena_quinquepunctata-2.path
MergeContigs  -k23 -o /home/assembly/de-novo-assembly/results/abyss/Gonioctena_quinquepunctata-3.fa /home/assembly/de-novo-assembly/results/abyss/Gonioctena_quinquepunctata-1.fa /home/assembly/de-novo-assembly/results/abyss/Gonioctena_quinquepunctata-2.adj /home/assembly/de-novo-assembly/results/abyss/Gonioctena_quinquepunctata-2.path
awk '!/^>/ {x[">" $1]=1; next} {getline s} $1 in x {print $0 "\n" s}' \
		/home/assembly/de-novo-assembly/results/abyss/Gonioctena_quinquepunctata-2.path /home/assembly/de-novo-assembly/results/abyss/Gonioctena_quinquepunctata-1.fa >/home/assembly/de-novo-assembly/results/abyss/Gonioctena_quinquepunctata-indel.fa
ln -sf /home/assembly/de-novo-assembly/results/abyss/Gonioctena_quinquepunctata-3.fa /home/assembly/de-novo-assembly/results/abyss/Gonioctena_quinquepunctata-unitigs.fa
abyss-map  -j2 -l23   /home/assembly/data/schilthuizen/RawData/C0A7AACXX_101851-07_CAGATC_L001_R1.fastq.gz /home/assembly/data/schilthuizen/RawData/C0A7AACXX_101851-07_CAGATC_L001_R2.fastq.gz /home/assembly/de-novo-assembly/results/abyss/Gonioctena_quinquepunctata-3.fa \
		|abyss-fixmate  -l23  -h pair1-3.hist \
		|sort -snk3 -k4 \
		|DistanceEst  -j2 -k23 -l23 -s200 -n3   -o pair1-3.dist pair1-3.hist
abyss-map  -j2 -l23   /home/assembly/data/schilthuizen/RawData/C0A7AACXX_101851-07_CAGATC_L002_R1.fastq.gz /home/assembly/data/schilthuizen/RawData/C0A7AACXX_101851-07_CAGATC_L002_R2.fastq.gz /home/assembly/de-novo-assembly/results/abyss/Gonioctena_quinquepunctata-3.fa \
		|abyss-fixmate  -l23  -h pair2-3.hist \
		|sort -snk3 -k4 \
		|DistanceEst  -j2 -k23 -l23 -s200 -n3   -o pair2-3.dist pair2-3.hist
abyss-map  -j2 -l23   /home/assembly/data/schilthuizen/RawData/D0TRBACXX_101851-07_CAGATC_L004_R1.fastq.gz /home/assembly/data/schilthuizen/RawData/D0TRBACXX_101851-07_CAGATC_L004_R2.fastq.gz /home/assembly/de-novo-assembly/results/abyss/Gonioctena_quinquepunctata-3.fa \
		|abyss-fixmate  -l23  -h pair3-3.hist \
		|sort -snk3 -k4 \
		|DistanceEst  -j2 -k23 -l23 -s200 -n3   -o pair3-3.dist pair3-3.hist
abyss-map  -j2 -l23   /home/assembly/data/schilthuizen/RawData/C0A7AACXX_101851-10_CTTGTA_L001_R1.fastq.gz /home/assembly/data/schilthuizen/RawData/C0A7AACXX_101851-10_CTTGTA_L001_R2.fastq.gz /home/assembly/de-novo-assembly/results/abyss/Gonioctena_quinquepunctata-3.fa \
		|abyss-fixmate  -l23  -h pair4-3.hist \
		|sort -snk3 -k4 \
		|DistanceEst  -j2 -k23 -l23 -s200 -n3   -o pair4-3.dist pair4-3.hist
abyss-map  -j2 -l23   /home/assembly/data/schilthuizen/RawData/C0A7AACXX_101851-10_CTTGTA_L002_R1.fastq.gz /home/assembly/data/schilthuizen/RawData/C0A7AACXX_101851-10_CTTGTA_L002_R2.fastq.gz /home/assembly/de-novo-assembly/results/abyss/Gonioctena_quinquepunctata-3.fa \
		|abyss-fixmate  -l23  -h pair5-3.hist \
		|sort -snk3 -k4 \
		|DistanceEst  -j2 -k23 -l23 -s200 -n3   -o pair5-3.dist pair5-3.hist
abyss-map  -j2 -l23   /home/assembly/data/schilthuizen/RawData/D0TRBACXX_101851-10_CTTGTA_L004_R1.fastq.gz /home/assembly/data/schilthuizen/RawData/D0TRBACXX_101851-10_CTTGTA_L004_R2.fastq.gz /home/assembly/de-novo-assembly/results/abyss/Gonioctena_quinquepunctata-3.fa \
		|abyss-fixmate  -l23  -h pair6-3.hist \
		|sort -snk3 -k4 \
		|DistanceEst  -j2 -k23 -l23 -s200 -n3   -o pair6-3.dist pair6-3.hist
abyss-todot  --dist -e /home/assembly/de-novo-assembly/results/abyss/Gonioctena_quinquepunctata-3.fa pair1-3.dist pair2-3.dist pair3-3.dist pair4-3.dist pair5-3.dist pair6-3.dist >/home/assembly/de-novo-assembly/results/abyss/Gonioctena_quinquepunctata-3.dist
Overlap   -k23 -g /home/assembly/de-novo-assembly/results/abyss/Gonioctena_quinquepunctata-4.adj -o /home/assembly/de-novo-assembly/results/abyss/Gonioctena_quinquepunctata-4.fa /home/assembly/de-novo-assembly/results/abyss/Gonioctena_quinquepunctata-3.fa /home/assembly/de-novo-assembly/results/abyss/Gonioctena_quinquepunctata-3.adj /home/assembly/de-novo-assembly/results/abyss/Gonioctena_quinquepunctata-3.dist
Overlap: 785
Scaffold: 2400
No overlap: 1472
Insignificant (<5bp): 929
Homopolymer: 87
Motif: 10
Ambiguous: 6
SimpleGraph    -j2 -k23 -o /home/assembly/de-novo-assembly/results/abyss/Gonioctena_quinquepunctata-4.path1 /home/assembly/de-novo-assembly/results/abyss/Gonioctena_quinquepunctata-4.adj /home/assembly/de-novo-assembly/results/abyss/Gonioctena_quinquepunctata-3.dist
Total paths attempted: 620229
Unique path: 257763
No possible paths: 7292
No valid paths: 14
Repetitive: 0
Multiple valid paths: 40089
Too many solutions: 99
Too complex: 314972

The minimum number of pairs in a distance estimate is 3.
The minimum number of pairs used in a path is 3.
MergePaths   -j2 -k23 -o /home/assembly/de-novo-assembly/results/abyss/Gonioctena_quinquepunctata-4.path2 /home/assembly/de-novo-assembly/results/abyss/Gonioctena_quinquepunctata-4.adj /home/assembly/de-novo-assembly/results/abyss/Gonioctena_quinquepunctata-4.path1
PathOverlap --assemble  -k23 /home/assembly/de-novo-assembly/results/abyss/Gonioctena_quinquepunctata-4.adj /home/assembly/de-novo-assembly/results/abyss/Gonioctena_quinquepunctata-4.path2 >/home/assembly/de-novo-assembly/results/abyss/Gonioctena_quinquepunctata-4.path3
cat /home/assembly/de-novo-assembly/results/abyss/Gonioctena_quinquepunctata-3.fa /home/assembly/de-novo-assembly/results/abyss/Gonioctena_quinquepunctata-4.fa \
		|PathConsensus  -k23 -p0.9 -o /home/assembly/de-novo-assembly/results/abyss/Gonioctena_quinquepunctata-5.path -s /home/assembly/de-novo-assembly/results/abyss/Gonioctena_quinquepunctata-5.fa -g /home/assembly/de-novo-assembly/results/abyss/Gonioctena_quinquepunctata-5.adj - /home/assembly/de-novo-assembly/results/abyss/Gonioctena_quinquepunctata-4.adj /home/assembly/de-novo-assembly/results/abyss/Gonioctena_quinquepunctata-4.path3
cat /home/assembly/de-novo-assembly/results/abyss/Gonioctena_quinquepunctata-3.fa /home/assembly/de-novo-assembly/results/abyss/Gonioctena_quinquepunctata-4.fa /home/assembly/de-novo-assembly/results/abyss/Gonioctena_quinquepunctata-5.fa |MergeContigs  -k23 -o /home/assembly/de-novo-assembly/results/abyss/Gonioctena_quinquepunctata-6.fa - /home/assembly/de-novo-assembly/results/abyss/Gonioctena_quinquepunctata-5.adj /home/assembly/de-novo-assembly/results/abyss/Gonioctena_quinquepunctata-5.path
PathOverlap --overlap  --dot -k23 /home/assembly/de-novo-assembly/results/abyss/Gonioctena_quinquepunctata-5.adj /home/assembly/de-novo-assembly/results/abyss/Gonioctena_quinquepunctata-5.path >/home/assembly/de-novo-assembly/results/abyss/Gonioctena_quinquepunctata-6.dot
ln -sf /home/assembly/de-novo-assembly/results/abyss/Gonioctena_quinquepunctata-6.dot /home/assembly/de-novo-assembly/results/abyss/Gonioctena_quinquepunctata-contigs.dot
ln -sf /home/assembly/de-novo-assembly/results/abyss/Gonioctena_quinquepunctata-6.fa /home/assembly/de-novo-assembly/results/abyss/Gonioctena_quinquepunctata-contigs.fa
abyss-map  -j2 -l23   /home/assembly/data/schilthuizen/RawData/C0A7AACXX_101851-07_CAGATC_L001_R1.fastq.gz /home/assembly/data/schilthuizen/RawData/C0A7AACXX_101851-07_CAGATC_L001_R2.fastq.gz /home/assembly/de-novo-assembly/results/abyss/Gonioctena_quinquepunctata-6.fa \
		|abyss-fixmate  -l23  -h pair1-6.hist \
		|sort -snk3 -k4 \
		|DistanceEst --dot  -j2 -k23 -l23 -s200 -n3   -o pair1-6.dist.dot pair1-6.hist
abyss-map  -j2 -l23   /home/assembly/data/schilthuizen/RawData/C0A7AACXX_101851-07_CAGATC_L002_R1.fastq.gz /home/assembly/data/schilthuizen/RawData/C0A7AACXX_101851-07_CAGATC_L002_R2.fastq.gz /home/assembly/de-novo-assembly/results/abyss/Gonioctena_quinquepunctata-6.fa \
		|abyss-fixmate  -l23  -h pair2-6.hist \
		|sort -snk3 -k4 \
		|DistanceEst --dot  -j2 -k23 -l23 -s200 -n3   -o pair2-6.dist.dot pair2-6.hist
abyss-map  -j2 -l23   /home/assembly/data/schilthuizen/RawData/D0TRBACXX_101851-07_CAGATC_L004_R1.fastq.gz /home/assembly/data/schilthuizen/RawData/D0TRBACXX_101851-07_CAGATC_L004_R2.fastq.gz /home/assembly/de-novo-assembly/results/abyss/Gonioctena_quinquepunctata-6.fa \
		|abyss-fixmate  -l23  -h pair3-6.hist \
		|sort -snk3 -k4 \
		|DistanceEst --dot  -j2 -k23 -l23 -s200 -n3   -o pair3-6.dist.dot pair3-6.hist
abyss-map  -j2 -l23   /home/assembly/data/schilthuizen/RawData/C0A7AACXX_101851-10_CTTGTA_L001_R1.fastq.gz /home/assembly/data/schilthuizen/RawData/C0A7AACXX_101851-10_CTTGTA_L001_R2.fastq.gz /home/assembly/de-novo-assembly/results/abyss/Gonioctena_quinquepunctata-6.fa \
		|abyss-fixmate  -l23  -h pair4-6.hist \
		|sort -snk3 -k4 \
		|DistanceEst --dot  -j2 -k23 -l23 -s200 -n3   -o pair4-6.dist.dot pair4-6.hist
abyss-map  -j2 -l23   /home/assembly/data/schilthuizen/RawData/C0A7AACXX_101851-10_CTTGTA_L002_R1.fastq.gz /home/assembly/data/schilthuizen/RawData/C0A7AACXX_101851-10_CTTGTA_L002_R2.fastq.gz /home/assembly/de-novo-assembly/results/abyss/Gonioctena_quinquepunctata-6.fa \
		|abyss-fixmate  -l23  -h pair5-6.hist \
		|sort -snk3 -k4 \
		|DistanceEst --dot  -j2 -k23 -l23 -s200 -n3   -o pair5-6.dist.dot pair5-6.hist
abyss-map  -j2 -l23   /home/assembly/data/schilthuizen/RawData/D0TRBACXX_101851-10_CTTGTA_L004_R1.fastq.gz /home/assembly/data/schilthuizen/RawData/D0TRBACXX_101851-10_CTTGTA_L004_R2.fastq.gz /home/assembly/de-novo-assembly/results/abyss/Gonioctena_quinquepunctata-6.fa \
		|abyss-fixmate  -l23  -h pair6-6.hist \
		|sort -snk3 -k4 \
		|DistanceEst --dot  -j2 -k23 -l23 -s200 -n3   -o pair6-6.dist.dot pair6-6.hist
abyss-scaffold  -k23 -s200 -n3 -g /home/assembly/de-novo-assembly/results/abyss/Gonioctena_quinquepunctata-6.path.dot  /home/assembly/de-novo-assembly/results/abyss/Gonioctena_quinquepunctata-6.dot pair1-6.dist.dot pair2-6.dist.dot pair3-6.dist.dot pair4-6.dist.dot pair5-6.dist.dot pair6-6.dist.dot >/home/assembly/de-novo-assembly/results/abyss/Gonioctena_quinquepunctata-6.path
PathConsensus  -k23 -p0.9 -s /home/assembly/de-novo-assembly/results/abyss/Gonioctena_quinquepunctata-7.fa -g /home/assembly/de-novo-assembly/results/abyss/Gonioctena_quinquepunctata-7.adj -o /home/assembly/de-novo-assembly/results/abyss/Gonioctena_quinquepunctata-7.path /home/assembly/de-novo-assembly/results/abyss/Gonioctena_quinquepunctata-6.fa /home/assembly/de-novo-assembly/results/abyss/Gonioctena_quinquepunctata-6.dot /home/assembly/de-novo-assembly/results/abyss/Gonioctena_quinquepunctata-6.path
cat /home/assembly/de-novo-assembly/results/abyss/Gonioctena_quinquepunctata-6.fa /home/assembly/de-novo-assembly/results/abyss/Gonioctena_quinquepunctata-7.fa \
		|MergeContigs  -k23 -o /home/assembly/de-novo-assembly/results/abyss/Gonioctena_quinquepunctata-8.fa - /home/assembly/de-novo-assembly/results/abyss/Gonioctena_quinquepunctata-7.adj /home/assembly/de-novo-assembly/results/abyss/Gonioctena_quinquepunctata-7.path
PathOverlap --overlap  --dot -k23 /home/assembly/de-novo-assembly/results/abyss/Gonioctena_quinquepunctata-7.adj /home/assembly/de-novo-assembly/results/abyss/Gonioctena_quinquepunctata-7.path >/home/assembly/de-novo-assembly/results/abyss/Gonioctena_quinquepunctata-8.dot
ln -sf /home/assembly/de-novo-assembly/results/abyss/Gonioctena_quinquepunctata-8.dot /home/assembly/de-novo-assembly/results/abyss/Gonioctena_quinquepunctata-scaffolds.dot
ln -sf /home/assembly/de-novo-assembly/results/abyss/Gonioctena_quinquepunctata-8.fa /home/assembly/de-novo-assembly/results/abyss/Gonioctena_quinquepunctata-scaffolds.fa
abyss-fac  /home/assembly/de-novo-assembly/results/abyss/Gonioctena_quinquepunctata-unitigs.fa /home/assembly/de-novo-assembly/results/abyss/Gonioctena_quinquepunctata-contigs.fa /home/assembly/de-novo-assembly/results/abyss/Gonioctena_quinquepunctata-scaffolds.fa |tee /home/assembly/de-novo-assembly/results/abyss/Gonioctena_quinquepunctata-stats
n	n:500	n:N50	min	N80	N50	N20	max	sum
51.87e6	130362	50345	500	571	708	968	9082	94.52e6	/home/assembly/de-novo-assembly/results/abyss/Gonioctena_quinquepunctata-unitigs.fa
51.36e6	181775	66189	500	599	783	1136	11117	143.6e6	/home/assembly/de-novo-assembly/results/abyss/Gonioctena_quinquepunctata-contigs.fa
51.31e6	189109	65075	500	628	866	1317	18291	162e6	/home/assembly/de-novo-assembly/results/abyss/Gonioctena_quinquepunctata-scaffolds.fa
