
Version 2.04: released on July 13th, 2012
Compile Jul  9 2013	11:57:16

********************
Pregraph
********************

Parameters: pregraph -s configsoap.config -K 63 -R -o vol 

In configsoap.config, 2 lib(s), maximum read length 100, maximum name length 256.

8 thread(s) initialized.
Import reads from file:
 /home/assembly/data/schilthuizen/RawData/C0A7AACXX_101851-07_CAGATC_L001_R1.fastq.gz
Import reads from file:
 /home/assembly/data/schilthuizen/RawData/C0A7AACXX_101851-07_CAGATC_L001_R2.fastq.gz
Import reads from file:
 /home/assembly/data/schilthuizen/RawData/C0A7AACXX_101851-07_CAGATC_L002_R1.fastq.gz
Import reads from file:
 /home/assembly/data/schilthuizen/RawData/C0A7AACXX_101851-07_CAGATC_L002_R2.fastq.gz
Import reads from file:
 /home/assembly/data/schilthuizen/RawData/C0A7AACXX_101851-10_CTTGTA_L001_R1.fastq.gz
Import reads from file:
 /home/assembly/data/schilthuizen/RawData/C0A7AACXX_101851-10_CTTGTA_L001_R2.fastq.gz
--- 100000000th reads.
Import reads from file:
 /home/assembly/data/schilthuizen/RawData/C0A7AACXX_101851-10_CTTGTA_L002_R1.fastq.gz
Import reads from file:
 /home/assembly/data/schilthuizen/RawData/C0A7AACXX_101851-10_CTTGTA_L002_R2.fastq.gz
Import reads from file:
 /home/assembly/data/schilthuizen/RawData/D0TRBACXX_101851-07_CAGATC_L004_R1.fastq.gz
Import reads from file:
 /home/assembly/data/schilthuizen/RawData/D0TRBACXX_101851-07_CAGATC_L004_R2.fastq.gz
--- 200000000th reads.
Import reads from file:
 /home/assembly/data/schilthuizen/RawData/D0TRBACXX_101851-10_CTTGTA_L004_R1.fastq.gz
Import reads from file:
 /home/assembly/data/schilthuizen/RawData/D0TRBACXX_101851-10_CTTGTA_L004_R2.fastq.gz
--- 300000000th reads.
Time spent on hashing reads: 5654s, 348668502 read(s) processed.
LIB(s) information:
 [LIB] 0, avg_ins 200, reverse 0.
 [LIB] 1, avg_ins 2000, reverse 1.
2965758854 node(s) allocated, 13249403076 kmer(s) in reads, 13249403076 kmer(s) processed.
done hashing nodes
2840380728 linear node(s) marked.
Time spent on marking linear nodes: 110s.
Time spent on pre-graph construction: 5765s.

Start to remove frequency-one-kmer tips shorter than 126.
Total 59873487 tip(s) removed.
8 thread(s) initialized.
29257681 linear node(s) marked.
Start to remove tips with minority links.
6540835 tip(s) removed in cycle 1.
69642 tip(s) removed in cycle 2.
454 tip(s) removed in cycle 3.
1 tip(s) removed in cycle 4.
0 tip(s) removed in cycle 5.
Total 6610932 tip(s) removed.
8 thread(s) initialized.
0 linear node(s) marked.
Time spent on removing tips: 1828s.

--- 10000000 edge(s) built.
--- 20000000 edge(s) built.
--- 30000000 edge(s) built.
--- 40000000 edge(s) built.
54921468 (27462523) edge(s) and 4768882 extra node(s) constructed.
Time spent on constructing edges: 1883s.

In file: configsoap.config, max seq len 100, max name len 256.
8 thread(s) initialized.
Import reads from file:
 /home/assembly/data/schilthuizen/RawData/C0A7AACXX_101851-07_CAGATC_L001_R1.fastq.gz
Import reads from file:
 /home/assembly/data/schilthuizen/RawData/C0A7AACXX_101851-07_CAGATC_L001_R2.fastq.gz
Import reads from file:
 /home/assembly/data/schilthuizen/RawData/C0A7AACXX_101851-07_CAGATC_L002_R1.fastq.gz
Import reads from file:
 /home/assembly/data/schilthuizen/RawData/C0A7AACXX_101851-07_CAGATC_L002_R2.fastq.gz
Import reads from file:
 /home/assembly/data/schilthuizen/RawData/C0A7AACXX_101851-10_CTTGTA_L001_R1.fastq.gz
Import reads from file:
 /home/assembly/data/schilthuizen/RawData/C0A7AACXX_101851-10_CTTGTA_L001_R2.fastq.gz
--- 100000000th reads.
Import reads from file:
 /home/assembly/data/schilthuizen/RawData/C0A7AACXX_101851-10_CTTGTA_L002_R1.fastq.gz
Import reads from file:
 /home/assembly/data/schilthuizen/RawData/C0A7AACXX_101851-10_CTTGTA_L002_R2.fastq.gz
Import reads from file:
 /home/assembly/data/schilthuizen/RawData/D0TRBACXX_101851-07_CAGATC_L004_R1.fastq.gz
Import reads from file:
 /home/assembly/data/schilthuizen/RawData/D0TRBACXX_101851-07_CAGATC_L004_R2.fastq.gz
--- 200000000th reads.
Import reads from file:
 /home/assembly/data/schilthuizen/RawData/D0TRBACXX_101851-10_CTTGTA_L004_R1.fastq.gz
Import reads from file:
 /home/assembly/data/schilthuizen/RawData/D0TRBACXX_101851-10_CTTGTA_L004_R2.fastq.gz
--- 300000000th reads.
348668502 read(s) processed.
Time spent on:
 importing reads: 1081s,
 chopping reads to kmers: 264s,
 searching kmers: 1148s,
 aligning reads to edges: 264s,
 searching (K+1)mers: 158s,
 adding pre-arcs: 186s,
 recording read paths: 96s.
2412799859 marker(s) output.
Reads alignment done, 44234462 read(s) deleted, 59964235 pre-arc(s) added.
LIB(s) information:
 [LIB] 0, avg_ins 200, reverse 0.
 [LIB] 1, avg_ins 2000, reverse 1.
Time spent on aligning reads: 3250s.

19633581 vertex(es) output.
Overall time spent on constructing pre-graph: 212m.


********************
Contig
********************

Parameters: contig -g vol -M 1 -R -s configsoap.config 

There are 19633581 kmer(s) in vertex file.
There are 54921468 edge(s) in edge file.
Kmers sorted.
54921468 edge(s) input.
69100458 pre-arcs loaded.
1079664368 markers overall.
1079664368 markers loaded.
13728511 none-palindrome edge(s) swapped, 0 palindrome edge(s) processed.
54921468 edge(s) sorted.
Arcs sorted.
800195 repeat(s) are solvable, 1600766 more edge(s).
3201532 dead arc(s) removed.
Time spent on solving repeat: 15s.
Start to pinch bubbles, cutoff 0.100000, MAX NODE NUM 3, MAX DIFF NUM 2.
.............100000 bubbles merged.
.............200000 bubbles merged.
1657883 start points, 47012004 dheap nodes.
13110220 pair(s) found, 345636 pair of path(s) compared, 272264 pair(s) merged.
Sequence comparison failed:
 Path crossing deleted edge                         0
 Length difference of two paths greater than two    32826
 Mismatch score greater than cutoff (2)             16507
 Mismatch score ratio greater than cutoff (0.1)     0
 Path length shorter than (Kmer-1)                  24039
DFibHeap: 4062145 node(s) allocated.
4474325 edge(s) concatenated in cycle 1.
124876 edge(s) concatenated in cycle 2.
40 edge(s) concatenated in cycle 3.
0 edge(s) concatenated in cycle 4.
Time spent on pinching bubbles: 280s.
Start to destroy weak inner edges.
1168788 weak inner edge(s) destroyed in cycle 1.
11315 weak inner edge(s) destroyed in cycle 2.
67 weak inner edge(s) destroyed in cycle 3.
0 weak inner edge(s) destroyed in cycle 4.
2335425 dead arc(s) removed.
519480 inner edge(s) with coverage lower than or equal to 1 destroyed.
1097247 dead arc(s) removed.
2265773 edge(s) concatenated in cycle 1.
15112 edge(s) concatenated in cycle 2.
1 edge(s) concatenated in cycle 3.
0 edge(s) concatenated in cycle 4.
Before compacting, 56522234 edge(s) existed.
After compacting, 38813304 edge(s) left.

Strict: 0, cutoff length: 126.
2596626 tips cut in cycle 1.
212713 tips cut in cycle 2.
35928 tips cut in cycle 3.
10911 tips cut in cycle 4.
4287 tips cut in cycle 5.
1976 tips cut in cycle 6.
1159 tips cut in cycle 7.
652 tips cut in cycle 8.
420 tips cut in cycle 9.
339 tips cut in cycle 10.
315 tips cut in cycle 11.
313 tips cut in cycle 12.
364 tips cut in cycle 13.
544 tips cut in cycle 14.
1237 tips cut in cycle 15.
2674 tips cut in cycle 16.
3769 tips cut in cycle 17.
3647 tips cut in cycle 18.
2588 tips cut in cycle 19.
1719 tips cut in cycle 20.
1178 tips cut in cycle 21.
857 tips cut in cycle 22.
680 tips cut in cycle 23.
527 tips cut in cycle 24.
478 tips cut in cycle 25.
428 tips cut in cycle 26.
446 tips cut in cycle 27.
430 tips cut in cycle 28.
397 tips cut in cycle 29.
380 tips cut in cycle 30.
354 tips cut in cycle 31.
375 tips cut in cycle 32.
381 tips cut in cycle 33.
377 tips cut in cycle 34.
315 tips cut in cycle 35.
247 tips cut in cycle 36.
222 tips cut in cycle 37.
203 tips cut in cycle 38.
212 tips cut in cycle 39.
200 tips cut in cycle 40.
158 tips cut in cycle 41.
109 tips cut in cycle 42.
71 tips cut in cycle 43.
50 tips cut in cycle 44.
24 tips cut in cycle 45.
13 tips cut in cycle 46.
6 tips cut in cycle 47.
3 tips cut in cycle 48.
0 tips cut in cycle 49.
1922835 dead arc(s) removed.
1446453 edge(s) concatenated in cycle 1.
13023 edge(s) concatenated in cycle 2.
1 edge(s) concatenated in cycle 3.
0 edge(s) concatenated in cycle 4.
Before compacting, 38813304 edge(s) existed.
After compacting, 30111746 edge(s) left.

There are 5624072 contig(s) longer than 100, sum up 1650460780 bp, with average length 293.
The longest length is 12193 bp, contig N50 is 380 bp,contig N90 is 127 bp.
15057555 contig(s) longer than 64 output.

Time spent on constructing contig: 28m.


********************
Map
********************

Parameters: map -s configsoap.config -g vol -K 63 

Kmer size: 63.
Contig length cutoff: 65.

15057555 contig(s), maximum sequence length 12193, minimum sequence length 64, maximum name length 10.
Time spent on parsing contigs file: 7s.
8 thread(s) initialized.
--- 10000000th contig(s).
Time spent on hashing contigs: 340s.
1351447027 node(s) allocated, 1370853762 kmer(s) in contigs, 1370853762 kmer(s) processed.
Time spent on graph construction: 347s.

Time spent on aligning long reads: 0s.

In file: configsoap.config, max seq len 100, max name len 256
8 thread(s) initialized.
30111746 edge(s) in the graph.
Import reads from file:
 /home/assembly/data/schilthuizen/RawData/C0A7AACXX_101851-07_CAGATC_L001_R1.fastq.gz
Import reads from file:
 /home/assembly/data/schilthuizen/RawData/C0A7AACXX_101851-07_CAGATC_L001_R2.fastq.gz
Current insert size is 200, map_len is 32.
Import reads from file:
 /home/assembly/data/schilthuizen/RawData/C0A7AACXX_101851-07_CAGATC_L002_R1.fastq.gz
Import reads from file:
 /home/assembly/data/schilthuizen/RawData/C0A7AACXX_101851-07_CAGATC_L002_R2.fastq.gz
Import reads from file:
 /home/assembly/data/schilthuizen/RawData/C0A7AACXX_101851-10_CTTGTA_L001_R1.fastq.gz
Import reads from file:
 /home/assembly/data/schilthuizen/RawData/C0A7AACXX_101851-10_CTTGTA_L001_R2.fastq.gz
--- 100000000th reads.
Import reads from file:
 /home/assembly/data/schilthuizen/RawData/C0A7AACXX_101851-10_CTTGTA_L002_R1.fastq.gz
Import reads from file:
 /home/assembly/data/schilthuizen/RawData/C0A7AACXX_101851-10_CTTGTA_L002_R2.fastq.gz
Import reads from file:
 /home/assembly/data/schilthuizen/RawData/D0TRBACXX_101851-07_CAGATC_L004_R1.fastq.gz
Import reads from file:
 /home/assembly/data/schilthuizen/RawData/D0TRBACXX_101851-07_CAGATC_L004_R2.fastq.gz
--- 200000000th reads.
Import reads from file:
 /home/assembly/data/schilthuizen/RawData/D0TRBACXX_101851-10_CTTGTA_L004_R1.fastq.gz
Import reads from file:
 /home/assembly/data/schilthuizen/RawData/D0TRBACXX_101851-10_CTTGTA_L004_R2.fastq.gz
--- 300000000th reads.
Import reads from file:
 /home/assembly/data/schilthuizen/RawData/C0A7AACXX_101851-07_CAGATC_L001_R1.fastq.gz
Import reads from file:
 /home/assembly/data/schilthuizen/RawData/C0A7AACXX_101851-07_CAGATC_L001_R2.fastq.gz
Current insert size is 2000, map_len is 35.
Import reads from file:
 /home/assembly/data/schilthuizen/RawData/C0A7AACXX_101851-07_CAGATC_L002_R1.fastq.gz
Import reads from file:
 /home/assembly/data/schilthuizen/RawData/C0A7AACXX_101851-07_CAGATC_L002_R2.fastq.gz
--- 400000000th reads.
Import reads from file:
 /home/assembly/data/schilthuizen/RawData/C0A7AACXX_101851-10_CTTGTA_L001_R1.fastq.gz
Import reads from file:
 /home/assembly/data/schilthuizen/RawData/C0A7AACXX_101851-10_CTTGTA_L001_R2.fastq.gz
Import reads from file:
 /home/assembly/data/schilthuizen/RawData/C0A7AACXX_101851-10_CTTGTA_L002_R1.fastq.gz
Import reads from file:
 /home/assembly/data/schilthuizen/RawData/C0A7AACXX_101851-10_CTTGTA_L002_R2.fastq.gz
--- 500000000th reads.
Import reads from file:
 /home/assembly/data/schilthuizen/RawData/D0TRBACXX_101851-07_CAGATC_L004_R1.fastq.gz
Import reads from file:
 /home/assembly/data/schilthuizen/RawData/D0TRBACXX_101851-07_CAGATC_L004_R2.fastq.gz
Import reads from file:
 /home/assembly/data/schilthuizen/RawData/D0TRBACXX_101851-10_CTTGTA_L004_R1.fastq.gz
Import reads from file:
 /home/assembly/data/schilthuizen/RawData/D0TRBACXX_101851-10_CTTGTA_L004_R2.fastq.gz
--- 600000000th reads.

Total reads         697337004
Reads in gaps       259733708
Ratio               37.2%
Reads on contigs    556571444
Ratio               79.8%
2 pe insert size, the largest boundary is 697337004.

LIB(s) information:
 [LIB] 0, avg_ins 200, reverse 0.
 [LIB] 1, avg_ins 2000, reverse 1.
Time spent on aligning reads: 7369s.

Overall time spent on alignment: 128m.


********************
Scaff
********************

Parameters: scaff -g vol -V 

Files for scaffold construction are OK.

There are 2 grad(s), 697337004 read(s), max read len 100.
Kmer size: 63
There are 30111746 edge(s) in edge file.
Mask contigs with coverage lower than 0.4 or higher than 8.0, and strict length 0.
Average contig coverage is 4, 10320935 contig(s) masked.
Mask contigs shorter than 65, 12333795 contig(s) masked.
38885312 arc(s) loaded, average weight is 3.
15057555 contig(s) loaded.
Done loading updated edges.
Time spent on loading updated edges: 137s.

*****************************************************
Start to load paired-end reads information.

For insert size: 200
 Total PE links                      119788396
 Normal PE links on same contig      62138033
 Incorrect oriented PE links         26915
 PE links of too small insert size   5888182
 PE links of too large insert size   0
 Correct PE links                    51729195
 Accumulated connections             47897966
Use contigs longer than 200 to estimate insert size: 
 PE links               55849082
 Average insert size    206
 SD                     35
23948983 new connections.

For insert size: 2000
 Total PE links                      119788396
 Normal PE links on same contig      28478777
 Incorrect oriented PE links         26736
 PE links of too small insert size   675156
 PE links of too large insert size   0
 Correct PE links                    56704037
 Accumulated connections             49776990
Use contigs longer than 2000 to estimate insert size: 
 PE links               3492124
 Average insert size    23
 SD                     24
24888495 new connections.

All paired-end reads information loaded.
Time spent on loading paired-end reads information: 1505s.

*****************************************************
Start to construct scaffolds.

***************************
For insert size: 200
 Total PE links                23948982
 PE links to masked contigs    21366550
 On same scaffold PE links     0
Cutoff of PE links to make a reliable connection: 3
 Active connections    5164864
 Weak connections      2071086
 Weak ratio            40.1%
159 circles removed.
Start to remove transitive connection.
Total contigs                         30111746
Masked contigs                        22655366
Remained contigs                      7456380
None-outgoing-connection contigs      4434044 (59.466446%)
Single-outgoing-connection contigs    2954813
Multi-outgoing-connection contigs     1934
Cycle 1
 Two-outgoing-connection contigs     65589
 Potential transitive connections    2333
 Transitive connections              2180
 Transitive ratio                    3.3%
Cycle 2
 Two-outgoing-connection contigs     62820
 Potential transitive connections    153
 Transitive connections              0
 Transitive ratio                    0.0%
Start to linearize sub-graph.
 Picked sub-graphs          56771
 Connection-conflict        0
 Significant overlapping    38928
 Eligible                   0
 Bubble structures          482
Mask repeats:
 Puzzles           36439
 Masked contigs    35647
Start to remove transitive connection.
Total contigs                         30111746
Masked contigs                        22727624
Remained contigs                      7384122
None-outgoing-connection contigs      4488983 (60.792374%)
Single-outgoing-connection contigs    2894408
Multi-outgoing-connection contigs     9
Cycle 1
 Two-outgoing-connection contigs     722
 Potential transitive connections    9
 Transitive connections              1
 Transitive ratio                    0.1%
Cycle 2
 Two-outgoing-connection contigs     721
 Potential transitive connections    8
 Transitive connections              0
 Transitive ratio                    0.0%
Start to linearize sub-graph.
 Picked sub-graphs          729
 Connection-conflict        0
 Significant overlapping    710
 Eligible                   0
 Bubble structures          0
Start to mask puzzles.
 Masked contigs      699
 Remained puzzles    0
Freezing done.

Rank 1
 Scaffold number                  756442
 In-scaffold contig number        5622557
 Total scaffold length            866352629
 Average scaffold length          1145
 Filled gap number                454735
 Longest scaffold                 34082
 Scaffold and singleton number    4177680
 Scaffold and singleton length    1371725982
 Average length                   328
 N50                              996
 N90                              105

Report from smallScaf: 756442 scaffolds by smallPE.
***************************
For insert size: 2000
 Total PE links                24888495
 PE links to masked contigs    22044499
 On same scaffold PE links     913
Cutoff of PE links to make a reliable connection: 5
Report from checkScaf: 0 scaffold segments broken.
Add large insert size PE links: 1014955 orientation-conflict links, 145 contigs acrossed by normal links.
 Active connections    3465276
 Weak connections      3181574
 Weak ratio            91.8%
464263 circles removed.
Start to remove transitive connection.
Total contigs                         30111746
Masked contigs                        23472244
Remained contigs                      6639502
None-outgoing-connection contigs      4265631 (64.246246%)
Single-outgoing-connection contigs    2350303
Multi-outgoing-connection contigs     296
Cycle 1
 Two-outgoing-connection contigs     23272
 Potential transitive connections    16288
 Transitive connections              5615
 Transitive ratio                    24.1%
Cycle 2
 Two-outgoing-connection contigs     17657
 Potential transitive connections    10673
 Transitive connections              1
 Transitive ratio                    0.0%
Cycle 3
 Two-outgoing-connection contigs     17656
 Potential transitive connections    10672
 Transitive connections              0
 Transitive ratio                    0.0%
Start to linearize sub-graph.
 Picked sub-graphs          16917
 Connection-conflict        52
 Significant overlapping    12209
 Eligible                   0
 Bubble structures          0
Mask repeats:
 Puzzles           10814
 Masked contigs    9163
Start to remove transitive connection.
Total contigs                         30111746
Masked contigs                        23490570
Remained contigs                      6621176
None-outgoing-connection contigs      4258319 (64.313637%)
Single-outgoing-connection contigs    2361856
Multi-outgoing-connection contigs     3
Cycle 1
 Two-outgoing-connection contigs     998
 Potential transitive connections    945
 Transitive connections              33
 Transitive ratio                    3.3%
Cycle 2
 Two-outgoing-connection contigs     965
 Potential transitive connections    912
 Transitive connections              0
 Transitive ratio                    0.0%
Start to linearize sub-graph.
 Picked sub-graphs          962
 Connection-conflict        7
 Significant overlapping    935
 Eligible                   0
 Bubble structures          0
Non-strict linearization.
Start to linearize sub-graph.
 Picked sub-graphs          841
 Connection-conflict        7
 Significant overlapping    673
 Eligible                   0
 Bubble structures          0
Start to mask puzzles.
 Masked contigs      332
 Remained puzzles    0
Freezing done.

Recover contigs.
 Total recovered contigs    3563
 Single-route cases         3563
 Multi-route cases          11

All links loaded.
Time spent on constructing scaffolds: 188s.

The final rank

*******************************
 Scaffold number                  456602
 In-scaffold contig number        5622557
 Total scaffold length            855526539
 Average scaffold length          1873
 Filled gap number                371203
 Longest scaffold                 34082
 Scaffold and singleton number    4438134
 Scaffold and singleton length    1520698052
 Average length                   342
 N50                              1483
 N90                              108
 Weak points                      0

*******************************
1000 scaffolds processed.
2000 scaffolds processed.
3000 scaffolds processed.
4000 scaffolds processed.
5000 scaffolds processed.
6000 scaffolds processed.
7000 scaffolds processed.
8000 scaffolds processed.
9000 scaffolds processed.
10000 scaffolds processed.
11000 scaffolds processed.
12000 scaffolds processed.
13000 scaffolds processed.
14000 scaffolds processed.
15000 scaffolds processed.
16000 scaffolds processed.
17000 scaffolds processed.
18000 scaffolds processed.
19000 scaffolds processed.
20000 scaffolds processed.
21000 scaffolds processed.
22000 scaffolds processed.
23000 scaffolds processed.
24000 scaffolds processed.
25000 scaffolds processed.
26000 scaffolds processed.
27000 scaffolds processed.
28000 scaffolds processed.
29000 scaffolds processed.
30000 scaffolds processed.
31000 scaffolds processed.
32000 scaffolds processed.
33000 scaffolds processed.
34000 scaffolds processed.
35000 scaffolds processed.
36000 scaffolds processed.
37000 scaffolds processed.
38000 scaffolds processed.
39000 scaffolds processed.
40000 scaffolds processed.
41000 scaffolds processed.
42000 scaffolds processed.
43000 scaffolds processed.
44000 scaffolds processed.
45000 scaffolds processed.
46000 scaffolds processed.
47000 scaffolds processed.
48000 scaffolds processed.
49000 scaffolds processed.
50000 scaffolds processed.
51000 scaffolds processed.
52000 scaffolds processed.
53000 scaffolds processed.
54000 scaffolds processed.
55000 scaffolds processed.
56000 scaffolds processed.
57000 scaffolds processed.
58000 scaffolds processed.
59000 scaffolds processed.
60000 scaffolds processed.
61000 scaffolds processed.
62000 scaffolds processed.
63000 scaffolds processed.
64000 scaffolds processed.
65000 scaffolds processed.
66000 scaffolds processed.
67000 scaffolds processed.
68000 scaffolds processed.
69000 scaffolds processed.
70000 scaffolds processed.
71000 scaffolds processed.
72000 scaffolds processed.
73000 scaffolds processed.
74000 scaffolds processed.
75000 scaffolds processed.
76000 scaffolds processed.
77000 scaffolds processed.
78000 scaffolds processed.
79000 scaffolds processed.
80000 scaffolds processed.
81000 scaffolds processed.
82000 scaffolds processed.
83000 scaffolds processed.
84000 scaffolds processed.
85000 scaffolds processed.
86000 scaffolds processed.
87000 scaffolds processed.
88000 scaffolds processed.
89000 scaffolds processed.
90000 scaffolds processed.
91000 scaffolds processed.
92000 scaffolds processed.
93000 scaffolds processed.
94000 scaffolds processed.
95000 scaffolds processed.
96000 scaffolds processed.
97000 scaffolds processed.
98000 scaffolds processed.
99000 scaffolds processed.
100000 scaffolds processed.
101000 scaffolds processed.
102000 scaffolds processed.
103000 scaffolds processed.
104000 scaffolds processed.
105000 scaffolds processed.
106000 scaffolds processed.
107000 scaffolds processed.
108000 scaffolds processed.
109000 scaffolds processed.
110000 scaffolds processed.
111000 scaffolds processed.
112000 scaffolds processed.
113000 scaffolds processed.
114000 scaffolds processed.
115000 scaffolds processed.
116000 scaffolds processed.
117000 scaffolds processed.
118000 scaffolds processed.
119000 scaffolds processed.
120000 scaffolds processed.
121000 scaffolds processed.
122000 scaffolds processed.
123000 scaffolds processed.
124000 scaffolds processed.
125000 scaffolds processed.
126000 scaffolds processed.
127000 scaffolds processed.
128000 scaffolds processed.
129000 scaffolds processed.
130000 scaffolds processed.
131000 scaffolds processed.
132000 scaffolds processed.
133000 scaffolds processed.
134000 scaffolds processed.
135000 scaffolds processed.
136000 scaffolds processed.
137000 scaffolds processed.
138000 scaffolds processed.
139000 scaffolds processed.
140000 scaffolds processed.
141000 scaffolds processed.
142000 scaffolds processed.
143000 scaffolds processed.
144000 scaffolds processed.
145000 scaffolds processed.
146000 scaffolds processed.
147000 scaffolds processed.
148000 scaffolds processed.
149000 scaffolds processed.
150000 scaffolds processed.
151000 scaffolds processed.
152000 scaffolds processed.
153000 scaffolds processed.
154000 scaffolds processed.
155000 scaffolds processed.
156000 scaffolds processed.
157000 scaffolds processed.
158000 scaffolds processed.
159000 scaffolds processed.
160000 scaffolds processed.
161000 scaffolds processed.
162000 scaffolds processed.
163000 scaffolds processed.
164000 scaffolds processed.
165000 scaffolds processed.
166000 scaffolds processed.
167000 scaffolds processed.
168000 scaffolds processed.
169000 scaffolds processed.
170000 scaffolds processed.
171000 scaffolds processed.
172000 scaffolds processed.
173000 scaffolds processed.
174000 scaffolds processed.
175000 scaffolds processed.
176000 scaffolds processed.
177000 scaffolds processed.
178000 scaffolds processed.
179000 scaffolds processed.
180000 scaffolds processed.
181000 scaffolds processed.
182000 scaffolds processed.
183000 scaffolds processed.
184000 scaffolds processed.
185000 scaffolds processed.
186000 scaffolds processed.
187000 scaffolds processed.
188000 scaffolds processed.
189000 scaffolds processed.
190000 scaffolds processed.
191000 scaffolds processed.
192000 scaffolds processed.
193000 scaffolds processed.
194000 scaffolds processed.
195000 scaffolds processed.
196000 scaffolds processed.
197000 scaffolds processed.
198000 scaffolds processed.
199000 scaffolds processed.
200000 scaffolds processed.
201000 scaffolds processed.
202000 scaffolds processed.
203000 scaffolds processed.
204000 scaffolds processed.
205000 scaffolds processed.
206000 scaffolds processed.
207000 scaffolds processed.
208000 scaffolds processed.
209000 scaffolds processed.
210000 scaffolds processed.
211000 scaffolds processed.
212000 scaffolds processed.
213000 scaffolds processed.
214000 scaffolds processed.
215000 scaffolds processed.
216000 scaffolds processed.
217000 scaffolds processed.
218000 scaffolds processed.
219000 scaffolds processed.
220000 scaffolds processed.
221000 scaffolds processed.
222000 scaffolds processed.
223000 scaffolds processed.
224000 scaffolds processed.
225000 scaffolds processed.
226000 scaffolds processed.
227000 scaffolds processed.
228000 scaffolds processed.
229000 scaffolds processed.
230000 scaffolds processed.
231000 scaffolds processed.
232000 scaffolds processed.
233000 scaffolds processed.
234000 scaffolds processed.
235000 scaffolds processed.
236000 scaffolds processed.
237000 scaffolds processed.
238000 scaffolds processed.
239000 scaffolds processed.
240000 scaffolds processed.
241000 scaffolds processed.
242000 scaffolds processed.
243000 scaffolds processed.
244000 scaffolds processed.
245000 scaffolds processed.
246000 scaffolds processed.
247000 scaffolds processed.
248000 scaffolds processed.
249000 scaffolds processed.
250000 scaffolds processed.
251000 scaffolds processed.
252000 scaffolds processed.
253000 scaffolds processed.
254000 scaffolds processed.
255000 scaffolds processed.
256000 scaffolds processed.
257000 scaffolds processed.
258000 scaffolds processed.
259000 scaffolds processed.
260000 scaffolds processed.
261000 scaffolds processed.
262000 scaffolds processed.
263000 scaffolds processed.
264000 scaffolds processed.
265000 scaffolds processed.
266000 scaffolds processed.
267000 scaffolds processed.
268000 scaffolds processed.
269000 scaffolds processed.
270000 scaffolds processed.
271000 scaffolds processed.
272000 scaffolds processed.
273000 scaffolds processed.
274000 scaffolds processed.
275000 scaffolds processed.
276000 scaffolds processed.
277000 scaffolds processed.
278000 scaffolds processed.
279000 scaffolds processed.
280000 scaffolds processed.
281000 scaffolds processed.
282000 scaffolds processed.
283000 scaffolds processed.
284000 scaffolds processed.
285000 scaffolds processed.
286000 scaffolds processed.
287000 scaffolds processed.
288000 scaffolds processed.
289000 scaffolds processed.
290000 scaffolds processed.
291000 scaffolds processed.
292000 scaffolds processed.
293000 scaffolds processed.
294000 scaffolds processed.
295000 scaffolds processed.
296000 scaffolds processed.
297000 scaffolds processed.
298000 scaffolds processed.
299000 scaffolds processed.
300000 scaffolds processed.
301000 scaffolds processed.
302000 scaffolds processed.
303000 scaffolds processed.
304000 scaffolds processed.
305000 scaffolds processed.
306000 scaffolds processed.
307000 scaffolds processed.
308000 scaffolds processed.
309000 scaffolds processed.
310000 scaffolds processed.
311000 scaffolds processed.
312000 scaffolds processed.
313000 scaffolds processed.
314000 scaffolds processed.
315000 scaffolds processed.
316000 scaffolds processed.
317000 scaffolds processed.
318000 scaffolds processed.
319000 scaffolds processed.
320000 scaffolds processed.
321000 scaffolds processed.
322000 scaffolds processed.
323000 scaffolds processed.
324000 scaffolds processed.
325000 scaffolds processed.
326000 scaffolds processed.
327000 scaffolds processed.
328000 scaffolds processed.
329000 scaffolds processed.
330000 scaffolds processed.
331000 scaffolds processed.
332000 scaffolds processed.
333000 scaffolds processed.
334000 scaffolds processed.
335000 scaffolds processed.
336000 scaffolds processed.
337000 scaffolds processed.
338000 scaffolds processed.
339000 scaffolds processed.
340000 scaffolds processed.
341000 scaffolds processed.
342000 scaffolds processed.
343000 scaffolds processed.
344000 scaffolds processed.
345000 scaffolds processed.
346000 scaffolds processed.
347000 scaffolds processed.
348000 scaffolds processed.
349000 scaffolds processed.
350000 scaffolds processed.
351000 scaffolds processed.
352000 scaffolds processed.
353000 scaffolds processed.
354000 scaffolds processed.
355000 scaffolds processed.
356000 scaffolds processed.
357000 scaffolds processed.
358000 scaffolds processed.
359000 scaffolds processed.
360000 scaffolds processed.
361000 scaffolds processed.
362000 scaffolds processed.
363000 scaffolds processed.
364000 scaffolds processed.
365000 scaffolds processed.
366000 scaffolds processed.
367000 scaffolds processed.
368000 scaffolds processed.
369000 scaffolds processed.
370000 scaffolds processed.
371000 scaffolds processed.
372000 scaffolds processed.
373000 scaffolds processed.
374000 scaffolds processed.
375000 scaffolds processed.
376000 scaffolds processed.
377000 scaffolds processed.
378000 scaffolds processed.
379000 scaffolds processed.
380000 scaffolds processed.
381000 scaffolds processed.
382000 scaffolds processed.
383000 scaffolds processed.
384000 scaffolds processed.
385000 scaffolds processed.
386000 scaffolds processed.
387000 scaffolds processed.
388000 scaffolds processed.
389000 scaffolds processed.
390000 scaffolds processed.
391000 scaffolds processed.
392000 scaffolds processed.
393000 scaffolds processed.
394000 scaffolds processed.
395000 scaffolds processed.
396000 scaffolds processed.
397000 scaffolds processed.
398000 scaffolds processed.
399000 scaffolds processed.
400000 scaffolds processed.
401000 scaffolds processed.
402000 scaffolds processed.
403000 scaffolds processed.
404000 scaffolds processed.
405000 scaffolds processed.
406000 scaffolds processed.
407000 scaffolds processed.
408000 scaffolds processed.
409000 scaffolds processed.
410000 scaffolds processed.
411000 scaffolds processed.
412000 scaffolds processed.
413000 scaffolds processed.
414000 scaffolds processed.
415000 scaffolds processed.
416000 scaffolds processed.
417000 scaffolds processed.
418000 scaffolds processed.
419000 scaffolds processed.
420000 scaffolds processed.
421000 scaffolds processed.
422000 scaffolds processed.
423000 scaffolds processed.
424000 scaffolds processed.
425000 scaffolds processed.
426000 scaffolds processed.
427000 scaffolds processed.
428000 scaffolds processed.
429000 scaffolds processed.
430000 scaffolds processed.
431000 scaffolds processed.
432000 scaffolds processed.
433000 scaffolds processed.
434000 scaffolds processed.
435000 scaffolds processed.
436000 scaffolds processed.
437000 scaffolds processed.
438000 scaffolds processed.
439000 scaffolds processed.
440000 scaffolds processed.
441000 scaffolds processed.
442000 scaffolds processed.
443000 scaffolds processed.
444000 scaffolds processed.
445000 scaffolds processed.
446000 scaffolds processed.
447000 scaffolds processed.
448000 scaffolds processed.
449000 scaffolds processed.
450000 scaffolds processed.
451000 scaffolds processed.
452000 scaffolds processed.
453000 scaffolds processed.
454000 scaffolds processed.
455000 scaffolds processed.
456000 scaffolds processed.

Done with 456602 scaffolds, 0 gaps finished, 1183759 gaps overall.

Overall time spent on constructing scaffolds: 711m.
Time for the whole pipeline: 1081m.
