ABYSS -k23 -q3  --coverage-hist=coverage.hist -s /home/assembly/de-novo-assembly/results/abyss/Rhagoletis_cerasi-bubbles.fa  -o /home/assembly/de-novo-assembly/results/abyss/Rhagoletis_cerasi-1.fa /home/assembly/data/schilthuizen/RawData/C0A7AACXX_101851-02_TGACCA_L001_R1.fastq.gz /home/assembly/data/schilthuizen/RawData/C0A7AACXX_101851-02_TGACCA_L001_R2.fastq.gz /home/assembly/data/schilthuizen/RawData/C0A7AACXX_101851-02_TGACCA_L002_R1.fastq.gz /home/assembly/data/schilthuizen/RawData/C0A7AACXX_101851-02_TGACCA_L002_R2.fastq.gz /home/assembly/data/schilthuizen/RawData/D0TRBACXX_101851-02_TGACCA_L004_R1.fastq.gz /home/assembly/data/schilthuizen/RawData/D0TRBACXX_101851-02_TGACCA_L004_R2.fastq.gz /home/assembly/data/schilthuizen/RawData/C0A7AACXX_101851-03_ACAGTG_L001_R1.fastq.gz /home/assembly/data/schilthuizen/RawData/C0A7AACXX_101851-03_ACAGTG_L001_R2.fastq.gz /home/assembly/data/schilthuizen/RawData/C0A7AACXX_101851-03_ACAGTG_L002_R1.fastq.gz /home/assembly/data/schilthuizen/RawData/C0A7AACXX_101851-03_ACAGTG_L002_R2.fastq.gz /home/assembly/data/schilthuizen/RawData/D0TRBACXX_101851-03_ACAGTG_L004_R1.fastq.gz /home/assembly/data/schilthuizen/RawData/D0TRBACXX_101851-03_ACAGTG_L004_R2.fastq.gz /home/assembly/data/schilthuizen/RawData/C0A7AACXX_101851-06_GCCAAT_L001_R1.fastq.gz /home/assembly/data/schilthuizen/RawData/C0A7AACXX_101851-06_GCCAAT_L001_R2.fastq.gz /home/assembly/data/schilthuizen/RawData/C0A7AACXX_101851-06_GCCAAT_L002_R1.fastq.gz /home/assembly/data/schilthuizen/RawData/C0A7AACXX_101851-06_GCCAAT_L002_R2.fastq.gz /home/assembly/data/schilthuizen/RawData/D0TRBACXX_101851-06_GCCAAT_L004_R1.fastq.gz /home/assembly/data/schilthuizen/RawData/D0TRBACXX_101851-06_GCCAAT_L004_R2.fastq.gz 
ABySS 1.3.6
ABYSS -k23 -q3 --coverage-hist=coverage.hist -s /home/assembly/de-novo-assembly/results/abyss/Rhagoletis_cerasi-bubbles.fa -o /home/assembly/de-novo-assembly/results/abyss/Rhagoletis_cerasi-1.fa /home/assembly/data/schilthuizen/RawData/C0A7AACXX_101851-02_TGACCA_L001_R1.fastq.gz /home/assembly/data/schilthuizen/RawData/C0A7AACXX_101851-02_TGACCA_L001_R2.fastq.gz /home/assembly/data/schilthuizen/RawData/C0A7AACXX_101851-02_TGACCA_L002_R1.fastq.gz /home/assembly/data/schilthuizen/RawData/C0A7AACXX_101851-02_TGACCA_L002_R2.fastq.gz /home/assembly/data/schilthuizen/RawData/D0TRBACXX_101851-02_TGACCA_L004_R1.fastq.gz /home/assembly/data/schilthuizen/RawData/D0TRBACXX_101851-02_TGACCA_L004_R2.fastq.gz /home/assembly/data/schilthuizen/RawData/C0A7AACXX_101851-03_ACAGTG_L001_R1.fastq.gz /home/assembly/data/schilthuizen/RawData/C0A7AACXX_101851-03_ACAGTG_L001_R2.fastq.gz /home/assembly/data/schilthuizen/RawData/C0A7AACXX_101851-03_ACAGTG_L002_R1.fastq.gz /home/assembly/data/schilthuizen/RawData/C0A7AACXX_101851-03_ACAGTG_L002_R2.fastq.gz /home/assembly/data/schilthuizen/RawData/D0TRBACXX_101851-03_ACAGTG_L004_R1.fastq.gz /home/assembly/data/schilthuizen/RawData/D0TRBACXX_101851-03_ACAGTG_L004_R2.fastq.gz /home/assembly/data/schilthuizen/RawData/C0A7AACXX_101851-06_GCCAAT_L001_R1.fastq.gz /home/assembly/data/schilthuizen/RawData/C0A7AACXX_101851-06_GCCAAT_L001_R2.fastq.gz /home/assembly/data/schilthuizen/RawData/C0A7AACXX_101851-06_GCCAAT_L002_R1.fastq.gz /home/assembly/data/schilthuizen/RawData/C0A7AACXX_101851-06_GCCAAT_L002_R2.fastq.gz /home/assembly/data/schilthuizen/RawData/D0TRBACXX_101851-06_GCCAAT_L004_R1.fastq.gz /home/assembly/data/schilthuizen/RawData/D0TRBACXX_101851-06_GCCAAT_L004_R2.fastq.gz
Reading `/home/assembly/data/schilthuizen/RawData/C0A7AACXX_101851-02_TGACCA_L001_R1.fastq.gz'...
Reading `/home/assembly/data/schilthuizen/RawData/C0A7AACXX_101851-02_TGACCA_L001_R2.fastq.gz'...
Reading `/home/assembly/data/schilthuizen/RawData/C0A7AACXX_101851-02_TGACCA_L002_R1.fastq.gz'...
Reading `/home/assembly/data/schilthuizen/RawData/C0A7AACXX_101851-02_TGACCA_L002_R2.fastq.gz'...
Reading `/home/assembly/data/schilthuizen/RawData/D0TRBACXX_101851-02_TGACCA_L004_R1.fastq.gz'...
Reading `/home/assembly/data/schilthuizen/RawData/D0TRBACXX_101851-02_TGACCA_L004_R2.fastq.gz'...
Reading `/home/assembly/data/schilthuizen/RawData/C0A7AACXX_101851-03_ACAGTG_L001_R1.fastq.gz'...
Reading `/home/assembly/data/schilthuizen/RawData/C0A7AACXX_101851-03_ACAGTG_L001_R2.fastq.gz'...
Reading `/home/assembly/data/schilthuizen/RawData/C0A7AACXX_101851-03_ACAGTG_L002_R1.fastq.gz'...
Reading `/home/assembly/data/schilthuizen/RawData/C0A7AACXX_101851-03_ACAGTG_L002_R2.fastq.gz'...
Reading `/home/assembly/data/schilthuizen/RawData/D0TRBACXX_101851-03_ACAGTG_L004_R1.fastq.gz'...
Reading `/home/assembly/data/schilthuizen/RawData/D0TRBACXX_101851-03_ACAGTG_L004_R2.fastq.gz'...
Reading `/home/assembly/data/schilthuizen/RawData/C0A7AACXX_101851-06_GCCAAT_L001_R1.fastq.gz'...
Reading `/home/assembly/data/schilthuizen/RawData/C0A7AACXX_101851-06_GCCAAT_L001_R2.fastq.gz'...
Reading `/home/assembly/data/schilthuizen/RawData/C0A7AACXX_101851-06_GCCAAT_L002_R1.fastq.gz'...
Reading `/home/assembly/data/schilthuizen/RawData/C0A7AACXX_101851-06_GCCAAT_L002_R2.fastq.gz'...
Reading `/home/assembly/data/schilthuizen/RawData/D0TRBACXX_101851-06_GCCAAT_L004_R1.fastq.gz'...
Reading `/home/assembly/data/schilthuizen/RawData/D0TRBACXX_101851-06_GCCAAT_L004_R2.fastq.gz'...
Loaded 1940272918 k-mer
Minimum k-mer coverage is 418
Using a coverage threshold of 4...
The median k-mer coverage is 18
The reconstruction is 971862032
The k-mer coverage threshold is 4.24264
Setting parameter e (erode) to 4
Setting parameter E (erodeStrand) to 1
Setting parameter c (coverage) to 4.24264
Generating adjacency
Added 4110525703 edges.
Eroding tips
Eroded 367767134 tips.
Eroded 0 tips.
Pruning tips shorter than 1 bp...
Pruned 5073 k-mer in 5073 tips.
Pruning tips shorter than 2 bp...
Pruned 7884 k-mer in 4365 tips.
Pruning tips shorter than 4 bp...
Pruned 24980 k-mer in 8033 tips.
Pruning tips shorter than 8 bp...
Pruned 75169 k-mer in 13199 tips.
Pruning tips shorter than 16 bp...
Pruned 188084 k-mer in 18461 tips.
Pruning tips shorter than 23 bp...
Pruned 161716 k-mer in 10681 tips.
Pruning tips shorter than 23 bp...
Pruned 180 k-mer in 12 tips.
Pruning tips shorter than 23 bp...
Pruned 59824 tips in 7 rounds.
Marked 392922704 edges of 172377236 ambiguous vertices.
Removing low-coverage contigs (mean k-mer coverage < 4.24264)
Found 1571989244 k-mer in 174128132 contigs before removing low-coverage contigs.
Removed 638148284 k-mer in 49806848 low-coverage contigs.
Split 99550888 ambigiuous branches.
Eroding tips
Eroded 2494724 tips.
Eroded 0 tips.
Pruning tips shorter than 1 bp...
Pruned 203545 k-mer in 203545 tips.
Pruning tips shorter than 2 bp...
Pruned 210990 k-mer in 130535 tips.
Pruning tips shorter than 4 bp...
Pruned 459791 k-mer in 162764 tips.
Pruning tips shorter than 8 bp...
Pruned 1062382 k-mer in 192903 tips.
Pruning tips shorter than 16 bp...
Pruned 2593610 k-mer in 232553 tips.
Pruning tips shorter than 23 bp...
Pruned 2202664 k-mer in 118644 tips.
Pruning tips shorter than 23 bp...
Pruned 1395 k-mer in 132 tips.
Pruning tips shorter than 23 bp...
Pruned 1041076 tips in 7 rounds.
Popping bubbles
Removed 1843384 bubbles.
Removed 1843384 bubbles
Marked 156168325 edges of 68114878 ambiguous vertices.
Left 57203 unassembled k-mer in circular contigs.
Assembled 873673684 k-mer in 64898251 contigs.
Removed 1015607605 k-mer.
The signal-to-noise ratio (SNR) is -0.407414 dB.
AdjList  -k23 -m50 /home/assembly/de-novo-assembly/results/abyss/Rhagoletis_cerasi-1.fa >/home/assembly/de-novo-assembly/results/abyss/Rhagoletis_cerasi-1.adj
abyss-filtergraph  -k23 -g /home/assembly/de-novo-assembly/results/abyss/Rhagoletis_cerasi-2.adj /home/assembly/de-novo-assembly/results/abyss/Rhagoletis_cerasi-1.adj >/home/assembly/de-novo-assembly/results/abyss/Rhagoletis_cerasi-1.path
PopBubbles  -j2 -k23 -p0.9  -g /home/assembly/de-novo-assembly/results/abyss/Rhagoletis_cerasi-3.adj /home/assembly/de-novo-assembly/results/abyss/Rhagoletis_cerasi-1.fa /home/assembly/de-novo-assembly/results/abyss/Rhagoletis_cerasi-2.adj >/home/assembly/de-novo-assembly/results/abyss/Rhagoletis_cerasi-2.path
MergeContigs  -k23 -o /home/assembly/de-novo-assembly/results/abyss/Rhagoletis_cerasi-3.fa /home/assembly/de-novo-assembly/results/abyss/Rhagoletis_cerasi-1.fa /home/assembly/de-novo-assembly/results/abyss/Rhagoletis_cerasi-2.adj /home/assembly/de-novo-assembly/results/abyss/Rhagoletis_cerasi-2.path
awk '!/^>/ {x[">" $1]=1; next} {getline s} $1 in x {print $0 "\n" s}' \
		/home/assembly/de-novo-assembly/results/abyss/Rhagoletis_cerasi-2.path /home/assembly/de-novo-assembly/results/abyss/Rhagoletis_cerasi-1.fa >/home/assembly/de-novo-assembly/results/abyss/Rhagoletis_cerasi-indel.fa
ln -sf /home/assembly/de-novo-assembly/results/abyss/Rhagoletis_cerasi-3.fa /home/assembly/de-novo-assembly/results/abyss/Rhagoletis_cerasi-unitigs.fa
abyss-map  -j2 -l23   /home/assembly/data/schilthuizen/RawData/C0A7AACXX_101851-02_TGACCA_L001_R1.fastq.gz /home/assembly/data/schilthuizen/RawData/C0A7AACXX_101851-02_TGACCA_L001_R2.fastq.gz /home/assembly/de-novo-assembly/results/abyss/Rhagoletis_cerasi-3.fa \
		|abyss-fixmate  -l23  -h pair1-3.hist \
		|sort -snk3 -k4 \
		|DistanceEst  -j2 -k23 -l23 -s200 -n3   -o pair1-3.dist pair1-3.hist
abyss-map  -j2 -l23   /home/assembly/data/schilthuizen/RawData/C0A7AACXX_101851-02_TGACCA_L002_R1.fastq.gz /home/assembly/data/schilthuizen/RawData/C0A7AACXX_101851-02_TGACCA_L002_R2.fastq.gz /home/assembly/de-novo-assembly/results/abyss/Rhagoletis_cerasi-3.fa \
		|abyss-fixmate  -l23  -h pair2-3.hist \
		|sort -snk3 -k4 \
		|DistanceEst  -j2 -k23 -l23 -s200 -n3   -o pair2-3.dist pair2-3.hist
abyss-map  -j2 -l23   /home/assembly/data/schilthuizen/RawData/D0TRBACXX_101851-02_TGACCA_L004_R1.fastq.gz /home/assembly/data/schilthuizen/RawData/D0TRBACXX_101851-02_TGACCA_L004_R2.fastq.gz /home/assembly/de-novo-assembly/results/abyss/Rhagoletis_cerasi-3.fa \
		|abyss-fixmate  -l23  -h pair3-3.hist \
		|sort -snk3 -k4 \
		|DistanceEst  -j2 -k23 -l23 -s200 -n3   -o pair3-3.dist pair3-3.hist
abyss-map  -j2 -l23   /home/assembly/data/schilthuizen/RawData/C0A7AACXX_101851-03_ACAGTG_L001_R1.fastq.gz /home/assembly/data/schilthuizen/RawData/C0A7AACXX_101851-03_ACAGTG_L001_R2.fastq.gz /home/assembly/de-novo-assembly/results/abyss/Rhagoletis_cerasi-3.fa \
		|abyss-fixmate  -l23  -h pair4-3.hist \
		|sort -snk3 -k4 \
		|DistanceEst  -j2 -k23 -l23 -s200 -n3   -o pair4-3.dist pair4-3.hist
abyss-map  -j2 -l23   /home/assembly/data/schilthuizen/RawData/C0A7AACXX_101851-03_ACAGTG_L002_R1.fastq.gz /home/assembly/data/schilthuizen/RawData/C0A7AACXX_101851-03_ACAGTG_L002_R2.fastq.gz /home/assembly/de-novo-assembly/results/abyss/Rhagoletis_cerasi-3.fa \
		|abyss-fixmate  -l23  -h pair5-3.hist \
		|sort -snk3 -k4 \
		|DistanceEst  -j2 -k23 -l23 -s200 -n3   -o pair5-3.dist pair5-3.hist
abyss-map  -j2 -l23   /home/assembly/data/schilthuizen/RawData/D0TRBACXX_101851-03_ACAGTG_L004_R1.fastq.gz /home/assembly/data/schilthuizen/RawData/D0TRBACXX_101851-03_ACAGTG_L004_R2.fastq.gz /home/assembly/de-novo-assembly/results/abyss/Rhagoletis_cerasi-3.fa \
		|abyss-fixmate  -l23  -h pair6-3.hist \
		|sort -snk3 -k4 \
		|DistanceEst  -j2 -k23 -l23 -s200 -n3   -o pair6-3.dist pair6-3.hist
abyss-map  -j2 -l23   /home/assembly/data/schilthuizen/RawData/C0A7AACXX_101851-06_GCCAAT_L001_R1.fastq.gz /home/assembly/data/schilthuizen/RawData/C0A7AACXX_101851-06_GCCAAT_L001_R2.fastq.gz /home/assembly/de-novo-assembly/results/abyss/Rhagoletis_cerasi-3.fa \
		|abyss-fixmate  -l23  -h pair7-3.hist \
		|sort -snk3 -k4 \
		|DistanceEst  -j2 -k23 -l23 -s200 -n3   -o pair7-3.dist pair7-3.hist
abyss-map  -j2 -l23   /home/assembly/data/schilthuizen/RawData/C0A7AACXX_101851-06_GCCAAT_L002_R1.fastq.gz /home/assembly/data/schilthuizen/RawData/C0A7AACXX_101851-06_GCCAAT_L002_R2.fastq.gz /home/assembly/de-novo-assembly/results/abyss/Rhagoletis_cerasi-3.fa \
		|abyss-fixmate  -l23  -h pair8-3.hist \
		|sort -snk3 -k4 \
		|DistanceEst  -j2 -k23 -l23 -s200 -n3   -o pair8-3.dist pair8-3.hist
abyss-map  -j2 -l23   /home/assembly/data/schilthuizen/RawData/D0TRBACXX_101851-06_GCCAAT_L004_R1.fastq.gz /home/assembly/data/schilthuizen/RawData/D0TRBACXX_101851-06_GCCAAT_L004_R2.fastq.gz /home/assembly/de-novo-assembly/results/abyss/Rhagoletis_cerasi-3.fa \
		|abyss-fixmate  -l23  -h pair9-3.hist \
		|sort -snk3 -k4 \
		|DistanceEst  -j2 -k23 -l23 -s200 -n3   -o pair9-3.dist pair9-3.hist
abyss-todot  --dist -e /home/assembly/de-novo-assembly/results/abyss/Rhagoletis_cerasi-3.fa pair1-3.dist pair2-3.dist pair3-3.dist pair4-3.dist pair5-3.dist pair6-3.dist pair7-3.dist pair8-3.dist pair9-3.dist >/home/assembly/de-novo-assembly/results/abyss/Rhagoletis_cerasi-3.dist
Overlap   -k23 -g /home/assembly/de-novo-assembly/results/abyss/Rhagoletis_cerasi-4.adj -o /home/assembly/de-novo-assembly/results/abyss/Rhagoletis_cerasi-4.fa /home/assembly/de-novo-assembly/results/abyss/Rhagoletis_cerasi-3.fa /home/assembly/de-novo-assembly/results/abyss/Rhagoletis_cerasi-3.adj /home/assembly/de-novo-assembly/results/abyss/Rhagoletis_cerasi-3.dist
Overlap: 655
Scaffold: 2341
No overlap: 1475
Insignificant (<5bp): 870
Homopolymer: 50
Motif: 9
Ambiguous: 27
SimpleGraph    -j2 -k23 -o /home/assembly/de-novo-assembly/results/abyss/Rhagoletis_cerasi-4.path1 /home/assembly/de-novo-assembly/results/abyss/Rhagoletis_cerasi-4.adj /home/assembly/de-novo-assembly/results/abyss/Rhagoletis_cerasi-3.dist
Total paths attempted: 718682
Unique path: 200708
No possible paths: 52080
No valid paths: 183
Repetitive: 0
Multiple valid paths: 105958
Too many solutions: 30
Too complex: 359723

The minimum number of pairs in a distance estimate is 3.
The minimum number of pairs used in a path is 3.
MergePaths   -j2 -k23 -o /home/assembly/de-novo-assembly/results/abyss/Rhagoletis_cerasi-4.path2 /home/assembly/de-novo-assembly/results/abyss/Rhagoletis_cerasi-4.adj /home/assembly/de-novo-assembly/results/abyss/Rhagoletis_cerasi-4.path1
PathOverlap --assemble  -k23 /home/assembly/de-novo-assembly/results/abyss/Rhagoletis_cerasi-4.adj /home/assembly/de-novo-assembly/results/abyss/Rhagoletis_cerasi-4.path2 >/home/assembly/de-novo-assembly/results/abyss/Rhagoletis_cerasi-4.path3
cat /home/assembly/de-novo-assembly/results/abyss/Rhagoletis_cerasi-3.fa /home/assembly/de-novo-assembly/results/abyss/Rhagoletis_cerasi-4.fa \
		|PathConsensus  -k23 -p0.9 -o /home/assembly/de-novo-assembly/results/abyss/Rhagoletis_cerasi-5.path -s /home/assembly/de-novo-assembly/results/abyss/Rhagoletis_cerasi-5.fa -g /home/assembly/de-novo-assembly/results/abyss/Rhagoletis_cerasi-5.adj - /home/assembly/de-novo-assembly/results/abyss/Rhagoletis_cerasi-4.adj /home/assembly/de-novo-assembly/results/abyss/Rhagoletis_cerasi-4.path3
cat /home/assembly/de-novo-assembly/results/abyss/Rhagoletis_cerasi-3.fa /home/assembly/de-novo-assembly/results/abyss/Rhagoletis_cerasi-4.fa /home/assembly/de-novo-assembly/results/abyss/Rhagoletis_cerasi-5.fa |MergeContigs  -k23 -o /home/assembly/de-novo-assembly/results/abyss/Rhagoletis_cerasi-6.fa - /home/assembly/de-novo-assembly/results/abyss/Rhagoletis_cerasi-5.adj /home/assembly/de-novo-assembly/results/abyss/Rhagoletis_cerasi-5.path
PathOverlap --overlap  --dot -k23 /home/assembly/de-novo-assembly/results/abyss/Rhagoletis_cerasi-5.adj /home/assembly/de-novo-assembly/results/abyss/Rhagoletis_cerasi-5.path >/home/assembly/de-novo-assembly/results/abyss/Rhagoletis_cerasi-6.dot
ln -sf /home/assembly/de-novo-assembly/results/abyss/Rhagoletis_cerasi-6.dot /home/assembly/de-novo-assembly/results/abyss/Rhagoletis_cerasi-contigs.dot
ln -sf /home/assembly/de-novo-assembly/results/abyss/Rhagoletis_cerasi-6.fa /home/assembly/de-novo-assembly/results/abyss/Rhagoletis_cerasi-contigs.fa
abyss-map  -j2 -l23   /home/assembly/data/schilthuizen/RawData/C0A7AACXX_101851-02_TGACCA_L001_R1.fastq.gz /home/assembly/data/schilthuizen/RawData/C0A7AACXX_101851-02_TGACCA_L001_R2.fastq.gz /home/assembly/de-novo-assembly/results/abyss/Rhagoletis_cerasi-6.fa \
		|abyss-fixmate  -l23  -h pair1-6.hist \
		|sort -snk3 -k4 \
		|DistanceEst --dot  -j2 -k23 -l23 -s200 -n3   -o pair1-6.dist.dot pair1-6.hist
abyss-map  -j2 -l23   /home/assembly/data/schilthuizen/RawData/C0A7AACXX_101851-02_TGACCA_L002_R1.fastq.gz /home/assembly/data/schilthuizen/RawData/C0A7AACXX_101851-02_TGACCA_L002_R2.fastq.gz /home/assembly/de-novo-assembly/results/abyss/Rhagoletis_cerasi-6.fa \
		|abyss-fixmate  -l23  -h pair2-6.hist \
		|sort -snk3 -k4 \
		|DistanceEst --dot  -j2 -k23 -l23 -s200 -n3   -o pair2-6.dist.dot pair2-6.hist
abyss-map  -j2 -l23   /home/assembly/data/schilthuizen/RawData/D0TRBACXX_101851-02_TGACCA_L004_R1.fastq.gz /home/assembly/data/schilthuizen/RawData/D0TRBACXX_101851-02_TGACCA_L004_R2.fastq.gz /home/assembly/de-novo-assembly/results/abyss/Rhagoletis_cerasi-6.fa \
		|abyss-fixmate  -l23  -h pair3-6.hist \
		|sort -snk3 -k4 \
		|DistanceEst --dot  -j2 -k23 -l23 -s200 -n3   -o pair3-6.dist.dot pair3-6.hist
abyss-map  -j2 -l23   /home/assembly/data/schilthuizen/RawData/C0A7AACXX_101851-03_ACAGTG_L001_R1.fastq.gz /home/assembly/data/schilthuizen/RawData/C0A7AACXX_101851-03_ACAGTG_L001_R2.fastq.gz /home/assembly/de-novo-assembly/results/abyss/Rhagoletis_cerasi-6.fa \
		|abyss-fixmate  -l23  -h pair4-6.hist \
		|sort -snk3 -k4 \
		|DistanceEst --dot  -j2 -k23 -l23 -s200 -n3   -o pair4-6.dist.dot pair4-6.hist
abyss-map  -j2 -l23   /home/assembly/data/schilthuizen/RawData/C0A7AACXX_101851-03_ACAGTG_L002_R1.fastq.gz /home/assembly/data/schilthuizen/RawData/C0A7AACXX_101851-03_ACAGTG_L002_R2.fastq.gz /home/assembly/de-novo-assembly/results/abyss/Rhagoletis_cerasi-6.fa \
		|abyss-fixmate  -l23  -h pair5-6.hist \
		|sort -snk3 -k4 \
		|DistanceEst --dot  -j2 -k23 -l23 -s200 -n3   -o pair5-6.dist.dot pair5-6.hist
abyss-map  -j2 -l23   /home/assembly/data/schilthuizen/RawData/D0TRBACXX_101851-03_ACAGTG_L004_R1.fastq.gz /home/assembly/data/schilthuizen/RawData/D0TRBACXX_101851-03_ACAGTG_L004_R2.fastq.gz /home/assembly/de-novo-assembly/results/abyss/Rhagoletis_cerasi-6.fa \
		|abyss-fixmate  -l23  -h pair6-6.hist \
		|sort -snk3 -k4 \
		|DistanceEst --dot  -j2 -k23 -l23 -s200 -n3   -o pair6-6.dist.dot pair6-6.hist
abyss-map  -j2 -l23   /home/assembly/data/schilthuizen/RawData/C0A7AACXX_101851-06_GCCAAT_L001_R1.fastq.gz /home/assembly/data/schilthuizen/RawData/C0A7AACXX_101851-06_GCCAAT_L001_R2.fastq.gz /home/assembly/de-novo-assembly/results/abyss/Rhagoletis_cerasi-6.fa \
		|abyss-fixmate  -l23  -h pair7-6.hist \
		|sort -snk3 -k4 \
		|DistanceEst --dot  -j2 -k23 -l23 -s200 -n3   -o pair7-6.dist.dot pair7-6.hist
abyss-map  -j2 -l23   /home/assembly/data/schilthuizen/RawData/C0A7AACXX_101851-06_GCCAAT_L002_R1.fastq.gz /home/assembly/data/schilthuizen/RawData/C0A7AACXX_101851-06_GCCAAT_L002_R2.fastq.gz /home/assembly/de-novo-assembly/results/abyss/Rhagoletis_cerasi-6.fa \
		|abyss-fixmate  -l23  -h pair8-6.hist \
		|sort -snk3 -k4 \
		|DistanceEst --dot  -j2 -k23 -l23 -s200 -n3   -o pair8-6.dist.dot pair8-6.hist
abyss-map  -j2 -l23   /home/assembly/data/schilthuizen/RawData/D0TRBACXX_101851-06_GCCAAT_L004_R1.fastq.gz /home/assembly/data/schilthuizen/RawData/D0TRBACXX_101851-06_GCCAAT_L004_R2.fastq.gz /home/assembly/de-novo-assembly/results/abyss/Rhagoletis_cerasi-6.fa \
		|abyss-fixmate  -l23  -h pair9-6.hist \
		|sort -snk3 -k4 \
		|DistanceEst --dot  -j2 -k23 -l23 -s200 -n3   -o pair9-6.dist.dot pair9-6.hist
abyss-scaffold  -k23 -s200 -n3 -g /home/assembly/de-novo-assembly/results/abyss/Rhagoletis_cerasi-6.path.dot  /home/assembly/de-novo-assembly/results/abyss/Rhagoletis_cerasi-6.dot pair1-6.dist.dot pair2-6.dist.dot pair3-6.dist.dot pair4-6.dist.dot pair5-6.dist.dot pair6-6.dist.dot pair7-6.dist.dot pair8-6.dist.dot pair9-6.dist.dot >/home/assembly/de-novo-assembly/results/abyss/Rhagoletis_cerasi-6.path
PathConsensus  -k23 -p0.9 -s /home/assembly/de-novo-assembly/results/abyss/Rhagoletis_cerasi-7.fa -g /home/assembly/de-novo-assembly/results/abyss/Rhagoletis_cerasi-7.adj -o /home/assembly/de-novo-assembly/results/abyss/Rhagoletis_cerasi-7.path /home/assembly/de-novo-assembly/results/abyss/Rhagoletis_cerasi-6.fa /home/assembly/de-novo-assembly/results/abyss/Rhagoletis_cerasi-6.dot /home/assembly/de-novo-assembly/results/abyss/Rhagoletis_cerasi-6.path
cat /home/assembly/de-novo-assembly/results/abyss/Rhagoletis_cerasi-6.fa /home/assembly/de-novo-assembly/results/abyss/Rhagoletis_cerasi-7.fa \
		|MergeContigs  -k23 -o /home/assembly/de-novo-assembly/results/abyss/Rhagoletis_cerasi-8.fa - /home/assembly/de-novo-assembly/results/abyss/Rhagoletis_cerasi-7.adj /home/assembly/de-novo-assembly/results/abyss/Rhagoletis_cerasi-7.path
PathOverlap --overlap  --dot -k23 /home/assembly/de-novo-assembly/results/abyss/Rhagoletis_cerasi-7.adj /home/assembly/de-novo-assembly/results/abyss/Rhagoletis_cerasi-7.path >/home/assembly/de-novo-assembly/results/abyss/Rhagoletis_cerasi-8.dot
ln -sf /home/assembly/de-novo-assembly/results/abyss/Rhagoletis_cerasi-8.dot /home/assembly/de-novo-assembly/results/abyss/Rhagoletis_cerasi-scaffolds.dot
ln -sf /home/assembly/de-novo-assembly/results/abyss/Rhagoletis_cerasi-8.fa /home/assembly/de-novo-assembly/results/abyss/Rhagoletis_cerasi-scaffolds.fa
abyss-fac  /home/assembly/de-novo-assembly/results/abyss/Rhagoletis_cerasi-unitigs.fa /home/assembly/de-novo-assembly/results/abyss/Rhagoletis_cerasi-contigs.fa /home/assembly/de-novo-assembly/results/abyss/Rhagoletis_cerasi-scaffolds.fa |tee /home/assembly/de-novo-assembly/results/abyss/Rhagoletis_cerasi-stats
n	n:500	n:N50	min	N80	N50	N20	max	sum
47.03e6	62107	19398	500	587	824	1522	13381	52.67e6	/home/assembly/de-novo-assembly/results/abyss/Rhagoletis_cerasi-unitigs.fa
46.42e6	106213	28523	500	617	946	2160	34614	101.7e6	/home/assembly/de-novo-assembly/results/abyss/Rhagoletis_cerasi-contigs.fa
46.34e6	111229	26551	500	700	1212	2921	60813	125.9e6	/home/assembly/de-novo-assembly/results/abyss/Rhagoletis_cerasi-scaffolds.fa
