
Version 2.04: released on July 13th, 2012
Compile Jul  9 2013	11:57:16

********************
Pregraph
********************

Parameters: pregraph -s /home/assembly/de-novo-assembly/conf/soapdenovo2/Gonioctena_quinquepunctata.ini -K 23 -R -o /home/assembly/de-novo-assembly/results/soapdenovo2/Gonioctena_quinquepunctata 

In /home/assembly/de-novo-assembly/conf/soapdenovo2/Gonioctena_quinquepunctata.ini, 1 lib(s), maximum read length 100, maximum name length 256.

8 thread(s) initialized.
Import reads from file:
 /home/assembly/data/schilthuizen/RawData/C0A7AACXX_101851-07_CAGATC_L001_R1.fastq.gz
Import reads from file:
 /home/assembly/data/schilthuizen/RawData/C0A7AACXX_101851-07_CAGATC_L001_R2.fastq.gz
Import reads from file:
 /home/assembly/data/schilthuizen/RawData/C0A7AACXX_101851-07_CAGATC_L002_R1.fastq.gz
Import reads from file:
 /home/assembly/data/schilthuizen/RawData/C0A7AACXX_101851-07_CAGATC_L002_R2.fastq.gz
Import reads from file:
 /home/assembly/data/schilthuizen/RawData/D0TRBACXX_101851-07_CAGATC_L004_R1.fastq.gz
Import reads from file:
 /home/assembly/data/schilthuizen/RawData/D0TRBACXX_101851-07_CAGATC_L004_R2.fastq.gz
--- 100000000th reads.
Import reads from file:
 /home/assembly/data/schilthuizen/RawData/C0A7AACXX_101851-10_CTTGTA_L001_R1.fastq.gz
Import reads from file:
 /home/assembly/data/schilthuizen/RawData/C0A7AACXX_101851-10_CTTGTA_L001_R2.fastq.gz
--- 200000000th reads.
Import reads from file:
 /home/assembly/data/schilthuizen/RawData/C0A7AACXX_101851-10_CTTGTA_L002_R1.fastq.gz
Import reads from file:
 /home/assembly/data/schilthuizen/RawData/C0A7AACXX_101851-10_CTTGTA_L002_R2.fastq.gz
Import reads from file:
 /home/assembly/data/schilthuizen/RawData/D0TRBACXX_101851-10_CTTGTA_L004_R1.fastq.gz
Import reads from file:
 /home/assembly/data/schilthuizen/RawData/D0TRBACXX_101851-10_CTTGTA_L004_R2.fastq.gz
--- 300000000th reads.
Time spent on hashing reads: 5853s, 348668502 read(s) processed.
LIB(s) information:
 [LIB] 0, avg_ins 200, reverse 0.
1985384555 node(s) allocated, 27196143156 kmer(s) in reads, 27196143156 kmer(s) processed.
done hashing nodes
1845812866 linear node(s) marked.
Time spent on marking linear nodes: 102s.
Time spent on pre-graph construction: 5955s.

Start to remove frequency-one-kmer tips shorter than 46.
Total 23841858 tip(s) removed.
8 thread(s) initialized.
16369532 linear node(s) marked.
Start to remove tips with minority links.
714490 tip(s) removed in cycle 1.
559 tip(s) removed in cycle 2.
0 tip(s) removed in cycle 3.
Total 715049 tip(s) removed.
8 thread(s) initialized.
0 linear node(s) marked.
Time spent on removing tips: 455s.

--- 30000000 edge(s) built.
--- 40000000 edge(s) built.
--- 80000000 edge(s) built.
--- 90000000 edge(s) built.
--- 140000000 edge(s) built.
--- 150000000 edge(s) built.
--- 210000000 edge(s) built.
--- 220000000 edge(s) built.
--- 230000000 edge(s) built.
--- 270000000 edge(s) built.
--- 290000000 edge(s) built.
--- 310000000 edge(s) built.
329369499 (164693963) edge(s) and 45804170 extra node(s) constructed.
Time spent on constructing edges: 2721s.

In file: /home/assembly/de-novo-assembly/conf/soapdenovo2/Gonioctena_quinquepunctata.ini, max seq len 100, max name len 256.
8 thread(s) initialized.
Import reads from file:
 /home/assembly/data/schilthuizen/RawData/C0A7AACXX_101851-07_CAGATC_L001_R1.fastq.gz
Import reads from file:
 /home/assembly/data/schilthuizen/RawData/C0A7AACXX_101851-07_CAGATC_L001_R2.fastq.gz
Import reads from file:
 /home/assembly/data/schilthuizen/RawData/C0A7AACXX_101851-07_CAGATC_L002_R1.fastq.gz
Import reads from file:
 /home/assembly/data/schilthuizen/RawData/C0A7AACXX_101851-07_CAGATC_L002_R2.fastq.gz
Import reads from file:
 /home/assembly/data/schilthuizen/RawData/D0TRBACXX_101851-07_CAGATC_L004_R1.fastq.gz
Import reads from file:
 /home/assembly/data/schilthuizen/RawData/D0TRBACXX_101851-07_CAGATC_L004_R2.fastq.gz
--- 100000000th reads.
Import reads from file:
 /home/assembly/data/schilthuizen/RawData/C0A7AACXX_101851-10_CTTGTA_L001_R1.fastq.gz
Import reads from file:
 /home/assembly/data/schilthuizen/RawData/C0A7AACXX_101851-10_CTTGTA_L001_R2.fastq.gz
--- 200000000th reads.
Import reads from file:
 /home/assembly/data/schilthuizen/RawData/C0A7AACXX_101851-10_CTTGTA_L002_R1.fastq.gz
Import reads from file:
 /home/assembly/data/schilthuizen/RawData/C0A7AACXX_101851-10_CTTGTA_L002_R2.fastq.gz
Import reads from file:
 /home/assembly/data/schilthuizen/RawData/D0TRBACXX_101851-10_CTTGTA_L004_R1.fastq.gz
Import reads from file:
 /home/assembly/data/schilthuizen/RawData/D0TRBACXX_101851-10_CTTGTA_L004_R2.fastq.gz
--- 300000000th reads.
348668502 read(s) processed.
Time spent on:
 importing reads: 705s,
 chopping reads to kmers: 340s,
 searching kmers: 1970s,
 aligning reads to edges: 648s,
 searching (K+1)mers: 717s,
 adding pre-arcs: 1259s,
 recording read paths: 445s.
13716242087 marker(s) output.
Reads alignment done, 665530 read(s) deleted, 375138264 pre-arc(s) added.
LIB(s) information:
 [LIB] 0, avg_ins 200, reverse 0.
Time spent on aligning reads: 6392s.

98988711 vertex(es) output.
Overall time spent on constructing pre-graph: 259m.


********************
Contig
********************

Parameters: contig -g /home/assembly/de-novo-assembly/results/soapdenovo2/Gonioctena_quinquepunctata -M 1 -R -s /home/assembly/de-novo-assembly/conf/soapdenovo2/Gonioctena_quinquepunctata.ini 

There are 98988711 kmer(s) in vertex file.
There are 329369499 edge(s) in edge file.
Kmers sorted.
329369499 edge(s) input.
453020720 pre-arcs loaded.
6904101658 markers overall.
6904101658 markers loaded.
82282018 none-palindrome edge(s) swapped, 0 palindrome edge(s) processed.
329369499 edge(s) sorted.
Arcs sorted.
4500634 repeat(s) are solvable, 9011634 more edge(s).
18023268 dead arc(s) removed.
Time spent on solving repeat: 98s.
Start to pinch bubbles, cutoff 0.100000, MAX NODE NUM 3, MAX DIFF NUM 2.
.............100000 bubbles merged.
.............200000 bubbles merged.
.............300000 bubbles merged.
.............400000 bubbles merged.
.............500000 bubbles merged.
.............600000 bubbles merged.
.............700000 bubbles merged.
.............800000 bubbles merged.
.............900000 bubbles merged.
.............1000000 bubbles merged.
.............1100000 bubbles merged.
.............1200000 bubbles merged.
.............1300000 bubbles merged.
.............1400000 bubbles merged.
.............1500000 bubbles merged.
.............1600000 bubbles merged.
.............1700000 bubbles merged.
.............1800000 bubbles merged.
.............1900000 bubbles merged.
.............2000000 bubbles merged.
.............2100000 bubbles merged.
.............2200000 bubbles merged.
.............2300000 bubbles merged.
.............2400000 bubbles merged.
.............2500000 bubbles merged.
.............2600000 bubbles merged.
.............2700000 bubbles merged.
.............2800000 bubbles merged.
.............2900000 bubbles merged.
.............3000000 bubbles merged.
.............3100000 bubbles merged.
.............3200000 bubbles merged.
.............3300000 bubbles merged.
.............3400000 bubbles merged.
.............3500000 bubbles merged.
.............3600000 bubbles merged.
.............3700000 bubbles merged.
.............3800000 bubbles merged.
.............3900000 bubbles merged.
.............4000000 bubbles merged.
.............4100000 bubbles merged.
.............4200000 bubbles merged.
.............4300000 bubbles merged.
.............4400000 bubbles merged.
.............4500000 bubbles merged.
982582 start points, 327990340 dheap nodes.
111451311 pair(s) found, 5119237 pair of path(s) compared, 4574878 pair(s) merged.
Sequence comparison failed:
 Path crossing deleted edge                         0
 Length difference of two paths greater than two    147800
 Mismatch score greater than cutoff (2)             246926
 Mismatch score ratio greater than cutoff (0.1)     0
 Path length shorter than (Kmer-1)                  149633
DFibHeap: 44093278 node(s) allocated.
34130706 edge(s) concatenated in cycle 1.
1619166 edge(s) concatenated in cycle 2.
8168 edge(s) concatenated in cycle 3.
0 edge(s) concatenated in cycle 4.
Time spent on pinching bubbles: 2796s.
Start to destroy weak inner edges.
19894998 weak inner edge(s) destroyed in cycle 1.
167955 weak inner edge(s) destroyed in cycle 2.
2444 weak inner edge(s) destroyed in cycle 3.
56 weak inner edge(s) destroyed in cycle 4.
1 weak inner edge(s) destroyed in cycle 5.
0 weak inner edge(s) destroyed in cycle 6.
39636803 dead arc(s) removed.
2152170 inner edge(s) with coverage lower than or equal to 1 destroyed.
4715226 dead arc(s) removed.
25479689 edge(s) concatenated in cycle 1.
568731 edge(s) concatenated in cycle 2.
503 edge(s) concatenated in cycle 3.
0 edge(s) concatenated in cycle 4.
Before compacting, 338381133 edge(s) existed.
After compacting, 161045623 edge(s) left.

Strict: 0, cutoff length: 46.
5668570 tips cut in cycle 1.
381071 tips cut in cycle 2.
70422 tips cut in cycle 3.
14047 tips cut in cycle 4.
3333 tips cut in cycle 5.
1016 tips cut in cycle 6.
448 tips cut in cycle 7.
219 tips cut in cycle 8.
160 tips cut in cycle 9.
86 tips cut in cycle 10.
51 tips cut in cycle 11.
47 tips cut in cycle 12.
28 tips cut in cycle 13.
14 tips cut in cycle 14.
9 tips cut in cycle 15.
8 tips cut in cycle 16.
5 tips cut in cycle 17.
2 tips cut in cycle 18.
7 tips cut in cycle 19.
4 tips cut in cycle 20.
2 tips cut in cycle 21.
6 tips cut in cycle 22.
2 tips cut in cycle 23.
3 tips cut in cycle 24.
0 tips cut in cycle 25.
5208358 dead arc(s) removed.
2997740 edge(s) concatenated in cycle 1.
8555 edge(s) concatenated in cycle 2.
0 edge(s) concatenated in cycle 3.
Before compacting, 161045623 edge(s) existed.
After compacting, 142753913 edge(s) left.

There are 3152927 contig(s) longer than 100, sum up 588969090 bp, with average length 186.
The longest length is 4854 bp, contig N50 is 193 bp,contig N90 is 100 bp.
71384402 contig(s) longer than 24 output.

Time spent on constructing contig: 143m.


********************
Map
********************

Parameters: map -s /home/assembly/de-novo-assembly/conf/soapdenovo2/Gonioctena_quinquepunctata.ini -g /home/assembly/de-novo-assembly/results/soapdenovo2/Gonioctena_quinquepunctata -K 23 

Kmer size: 23.
Contig length cutoff: 25.

71384402 contig(s), maximum sequence length 4854, minimum sequence length 24, maximum name length 10.
Time spent on parsing contigs file: 23s.
8 thread(s) initialized.
--- 10000000th contig(s).
--- 20000000th contig(s).
--- 30000000th contig(s).
--- 40000000th contig(s).
--- 50000000th contig(s).
--- 60000000th contig(s).
--- 70000000th contig(s).
Time spent on hashing contigs: 297s.
1239106810 node(s) allocated, 1318638139 kmer(s) in contigs, 1318638139 kmer(s) processed.
Time spent on graph construction: 320s.

Time spent on aligning long reads: 1s.

In file: /home/assembly/de-novo-assembly/conf/soapdenovo2/Gonioctena_quinquepunctata.ini, max seq len 100, max name len 256
8 thread(s) initialized.
142753913 edge(s) in the graph.
Import reads from file:
 /home/assembly/data/schilthuizen/RawData/C0A7AACXX_101851-07_CAGATC_L001_R1.fastq.gz
Import reads from file:
 /home/assembly/data/schilthuizen/RawData/C0A7AACXX_101851-07_CAGATC_L001_R2.fastq.gz
Current insert size is 200, map_len is 32.
Import reads from file:
 /home/assembly/data/schilthuizen/RawData/C0A7AACXX_101851-07_CAGATC_L002_R1.fastq.gz
Import reads from file:
 /home/assembly/data/schilthuizen/RawData/C0A7AACXX_101851-07_CAGATC_L002_R2.fastq.gz
Import reads from file:
 /home/assembly/data/schilthuizen/RawData/D0TRBACXX_101851-07_CAGATC_L004_R1.fastq.gz
Import reads from file:
 /home/assembly/data/schilthuizen/RawData/D0TRBACXX_101851-07_CAGATC_L004_R2.fastq.gz
--- 100000000th reads.
Import reads from file:
 /home/assembly/data/schilthuizen/RawData/C0A7AACXX_101851-10_CTTGTA_L001_R1.fastq.gz
Import reads from file:
 /home/assembly/data/schilthuizen/RawData/C0A7AACXX_101851-10_CTTGTA_L001_R2.fastq.gz
--- 200000000th reads.
Import reads from file:
 /home/assembly/data/schilthuizen/RawData/C0A7AACXX_101851-10_CTTGTA_L002_R1.fastq.gz
Import reads from file:
 /home/assembly/data/schilthuizen/RawData/C0A7AACXX_101851-10_CTTGTA_L002_R2.fastq.gz
Import reads from file:
 /home/assembly/data/schilthuizen/RawData/D0TRBACXX_101851-10_CTTGTA_L004_R1.fastq.gz
Import reads from file:
 /home/assembly/data/schilthuizen/RawData/D0TRBACXX_101851-10_CTTGTA_L004_R2.fastq.gz
--- 300000000th reads.

Total reads         348668502
Reads in gaps       199967541
Ratio               57.4%
Reads on contigs    233885467
Ratio               67.1%
1 pe insert size, the largest boundary is 348668502.

LIB(s) information:
 [LIB] 0, avg_ins 200, reverse 0.
Time spent on aligning reads: 5278s.

Overall time spent on alignment: 93m.


********************
Scaff
********************

Parameters: scaff -g /home/assembly/de-novo-assembly/results/soapdenovo2/Gonioctena_quinquepunctata 

Files for scaffold construction are OK.

There are 1 grad(s), 348668502 read(s), max read len 100.
Kmer size: 23
There are 142753913 edge(s) in edge file.
Mask contigs with coverage lower than 1.0 or higher than 20.0, and strict length 100.
Average contig coverage is 10, 79499283 contig(s) masked.
Mask contigs shorter than 25, 41267675 contig(s) masked.
202592839 arc(s) loaded, average weight is 5.
71384402 contig(s) loaded.
Done loading updated edges.
Time spent on loading updated edges: 381s.

File /home/assembly/de-novo-assembly/results/soapdenovo2/Gonioctena_quinquepunctata.links exists, skip creating the links...
Time spent on loading paired-end reads information: 0s.

*****************************************************
Start to construct scaffolds.

***************************
For insert size: 200
 Total PE links                32629028
 PE links to masked contigs    23023736
 On same scaffold PE links     0
Cutoff of PE links to make a reliable connection: 3
 Active connections    19210584
 Weak connections      12354918
 Weak ratio            64.3%
32 circles removed.
Start to remove transitive connection.
Total contigs                         142753913
Masked contigs                        120767086
Remained contigs                      21986827
None-outgoing-connection contigs      15723402 (71.512825%)
Single-outgoing-connection contigs    5707737
Multi-outgoing-connection contigs     13167
Cycle 1
 Two-outgoing-connection contigs     542521
 Potential transitive connections    178124
 Transitive connections              145436
 Transitive ratio                    26.8%
Cycle 2
 Two-outgoing-connection contigs     378359
 Potential transitive connections    32686
 Transitive connections              0
 Transitive ratio                    0.0%
Start to linearize sub-graph.
 Picked sub-graphs          304588
 Connection-conflict        4
 Significant overlapping    83988
 Eligible                   16
 Bubble structures          570
Mask repeats:
 Puzzles           74353
 Masked contigs    69850
Start to remove transitive connection.
Total contigs                         142753913
Masked contigs                        120907926
Remained contigs                      21845987
None-outgoing-connection contigs      15600180 (71.409813%)
Single-outgoing-connection contigs    6242125
Multi-outgoing-connection contigs     84
Cycle 1
 Two-outgoing-connection contigs     3598
 Potential transitive connections    786
 Transitive connections              448
 Transitive ratio                    12.5%
Cycle 2
 Two-outgoing-connection contigs     3150
 Potential transitive connections    338
 Transitive connections              0
 Transitive ratio                    0.0%
Start to linearize sub-graph.
 Picked sub-graphs          3226
 Connection-conflict        0
 Significant overlapping    3072
 Eligible                   0
 Bubble structures          0
Non-strict linearization.
Start to linearize sub-graph.
 Picked sub-graphs          2953
 Connection-conflict        0
 Significant overlapping    1408
 Eligible                   0
 Bubble structures          0
Start to mask puzzles.
 Masked contigs      1301
 Remained puzzles    0
Freezing done.

Recover contigs.
 Total recovered contigs    22298
 Single-route cases         22151
 Multi-route cases          149

All links loaded.
Time spent on constructing scaffolds: 110s.

The final rank

*******************************
 Scaffold number                  823645
 In-scaffold contig number        3152869
 Total scaffold length            492981634
 Average scaffold length          598
 Filled gap number                878439
 Longest scaffold                 12335
 Scaffold and singleton number    2319152
 Scaffold and singleton length    669186599
 Average length                   288
 N50                              560
 N90                              88
 Weak points                      0

*******************************
1000 scaffolds processed.
2000 scaffolds processed.
3000 scaffolds processed.
4000 scaffolds processed.
5000 scaffolds processed.
6000 scaffolds processed.
7000 scaffolds processed.
8000 scaffolds processed.
9000 scaffolds processed.
10000 scaffolds processed.
11000 scaffolds processed.
12000 scaffolds processed.
13000 scaffolds processed.
14000 scaffolds processed.
15000 scaffolds processed.
16000 scaffolds processed.
17000 scaffolds processed.
18000 scaffolds processed.
19000 scaffolds processed.
20000 scaffolds processed.
21000 scaffolds processed.
22000 scaffolds processed.
23000 scaffolds processed.
24000 scaffolds processed.
25000 scaffolds processed.
26000 scaffolds processed.
27000 scaffolds processed.
28000 scaffolds processed.
29000 scaffolds processed.
30000 scaffolds processed.
31000 scaffolds processed.
32000 scaffolds processed.
33000 scaffolds processed.
34000 scaffolds processed.
35000 scaffolds processed.
36000 scaffolds processed.
37000 scaffolds processed.
38000 scaffolds processed.
39000 scaffolds processed.
40000 scaffolds processed.
41000 scaffolds processed.
42000 scaffolds processed.
43000 scaffolds processed.
44000 scaffolds processed.
45000 scaffolds processed.
46000 scaffolds processed.
47000 scaffolds processed.
48000 scaffolds processed.
49000 scaffolds processed.
50000 scaffolds processed.
51000 scaffolds processed.
52000 scaffolds processed.
53000 scaffolds processed.
54000 scaffolds processed.
55000 scaffolds processed.
56000 scaffolds processed.
57000 scaffolds processed.
58000 scaffolds processed.
59000 scaffolds processed.
60000 scaffolds processed.
61000 scaffolds processed.
62000 scaffolds processed.
63000 scaffolds processed.
64000 scaffolds processed.
65000 scaffolds processed.
66000 scaffolds processed.
67000 scaffolds processed.
68000 scaffolds processed.
69000 scaffolds processed.
70000 scaffolds processed.
71000 scaffolds processed.
72000 scaffolds processed.
73000 scaffolds processed.
74000 scaffolds processed.
75000 scaffolds processed.
76000 scaffolds processed.
77000 scaffolds processed.
78000 scaffolds processed.
79000 scaffolds processed.
80000 scaffolds processed.
81000 scaffolds processed.
82000 scaffolds processed.
83000 scaffolds processed.
84000 scaffolds processed.
85000 scaffolds processed.
86000 scaffolds processed.
87000 scaffolds processed.
88000 scaffolds processed.
89000 scaffolds processed.
90000 scaffolds processed.
91000 scaffolds processed.
92000 scaffolds processed.
93000 scaffolds processed.
94000 scaffolds processed.
95000 scaffolds processed.
96000 scaffolds processed.
97000 scaffolds processed.
98000 scaffolds processed.
99000 scaffolds processed.
100000 scaffolds processed.
101000 scaffolds processed.
102000 scaffolds processed.
103000 scaffolds processed.
104000 scaffolds processed.
105000 scaffolds processed.
106000 scaffolds processed.
107000 scaffolds processed.
108000 scaffolds processed.
109000 scaffolds processed.
110000 scaffolds processed.
111000 scaffolds processed.
112000 scaffolds processed.
113000 scaffolds processed.
114000 scaffolds processed.
115000 scaffolds processed.
116000 scaffolds processed.
117000 scaffolds processed.
118000 scaffolds processed.
119000 scaffolds processed.
120000 scaffolds processed.
121000 scaffolds processed.
122000 scaffolds processed.
123000 scaffolds processed.
124000 scaffolds processed.
125000 scaffolds processed.
126000 scaffolds processed.
127000 scaffolds processed.
128000 scaffolds processed.
129000 scaffolds processed.
130000 scaffolds processed.
131000 scaffolds processed.
132000 scaffolds processed.
133000 scaffolds processed.
134000 scaffolds processed.
135000 scaffolds processed.
136000 scaffolds processed.
137000 scaffolds processed.
138000 scaffolds processed.
139000 scaffolds processed.
140000 scaffolds processed.
141000 scaffolds processed.
142000 scaffolds processed.
143000 scaffolds processed.
144000 scaffolds processed.
145000 scaffolds processed.
146000 scaffolds processed.
147000 scaffolds processed.
148000 scaffolds processed.
149000 scaffolds processed.
150000 scaffolds processed.
151000 scaffolds processed.
152000 scaffolds processed.
153000 scaffolds processed.
154000 scaffolds processed.
155000 scaffolds processed.
156000 scaffolds processed.
157000 scaffolds processed.
158000 scaffolds processed.
159000 scaffolds processed.
160000 scaffolds processed.
161000 scaffolds processed.
162000 scaffolds processed.
163000 scaffolds processed.
164000 scaffolds processed.
165000 scaffolds processed.
166000 scaffolds processed.
167000 scaffolds processed.
168000 scaffolds processed.
169000 scaffolds processed.
170000 scaffolds processed.
171000 scaffolds processed.
172000 scaffolds processed.
173000 scaffolds processed.
174000 scaffolds processed.
175000 scaffolds processed.
176000 scaffolds processed.
177000 scaffolds processed.
178000 scaffolds processed.
179000 scaffolds processed.
180000 scaffolds processed.
181000 scaffolds processed.
182000 scaffolds processed.
183000 scaffolds processed.
184000 scaffolds processed.
185000 scaffolds processed.
186000 scaffolds processed.
187000 scaffolds processed.
188000 scaffolds processed.
189000 scaffolds processed.
190000 scaffolds processed.
191000 scaffolds processed.
192000 scaffolds processed.
193000 scaffolds processed.
194000 scaffolds processed.
195000 scaffolds processed.
196000 scaffolds processed.
197000 scaffolds processed.
198000 scaffolds processed.
199000 scaffolds processed.
200000 scaffolds processed.
201000 scaffolds processed.
202000 scaffolds processed.
203000 scaffolds processed.
204000 scaffolds processed.
205000 scaffolds processed.
206000 scaffolds processed.
207000 scaffolds processed.
208000 scaffolds processed.
209000 scaffolds processed.
210000 scaffolds processed.
211000 scaffolds processed.
212000 scaffolds processed.
213000 scaffolds processed.
214000 scaffolds processed.
215000 scaffolds processed.
216000 scaffolds processed.
217000 scaffolds processed.
218000 scaffolds processed.
219000 scaffolds processed.
220000 scaffolds processed.
221000 scaffolds processed.
222000 scaffolds processed.
223000 scaffolds processed.
224000 scaffolds processed.
225000 scaffolds processed.
226000 scaffolds processed.
227000 scaffolds processed.
228000 scaffolds processed.
229000 scaffolds processed.
230000 scaffolds processed.
231000 scaffolds processed.
232000 scaffolds processed.
233000 scaffolds processed.
234000 scaffolds processed.
235000 scaffolds processed.
236000 scaffolds processed.
237000 scaffolds processed.
238000 scaffolds processed.
239000 scaffolds processed.
240000 scaffolds processed.
241000 scaffolds processed.
242000 scaffolds processed.
243000 scaffolds processed.
244000 scaffolds processed.
245000 scaffolds processed.
246000 scaffolds processed.
247000 scaffolds processed.
248000 scaffolds processed.
249000 scaffolds processed.
250000 scaffolds processed.
251000 scaffolds processed.
252000 scaffolds processed.
253000 scaffolds processed.
254000 scaffolds processed.
255000 scaffolds processed.
256000 scaffolds processed.
257000 scaffolds processed.
258000 scaffolds processed.
259000 scaffolds processed.
260000 scaffolds processed.
261000 scaffolds processed.
262000 scaffolds processed.
263000 scaffolds processed.
264000 scaffolds processed.
265000 scaffolds processed.
266000 scaffolds processed.
267000 scaffolds processed.
268000 scaffolds processed.
269000 scaffolds processed.
270000 scaffolds processed.
271000 scaffolds processed.
272000 scaffolds processed.
273000 scaffolds processed.
274000 scaffolds processed.
275000 scaffolds processed.
276000 scaffolds processed.
277000 scaffolds processed.
278000 scaffolds processed.
279000 scaffolds processed.
280000 scaffolds processed.
281000 scaffolds processed.
282000 scaffolds processed.
283000 scaffolds processed.
284000 scaffolds processed.
285000 scaffolds processed.
286000 scaffolds processed.
287000 scaffolds processed.
288000 scaffolds processed.
289000 scaffolds processed.
290000 scaffolds processed.
291000 scaffolds processed.
292000 scaffolds processed.
293000 scaffolds processed.
294000 scaffolds processed.
295000 scaffolds processed.
296000 scaffolds processed.
297000 scaffolds processed.
298000 scaffolds processed.
299000 scaffolds processed.
300000 scaffolds processed.
301000 scaffolds processed.
302000 scaffolds processed.
303000 scaffolds processed.
304000 scaffolds processed.
305000 scaffolds processed.
306000 scaffolds processed.
307000 scaffolds processed.
308000 scaffolds processed.
309000 scaffolds processed.
310000 scaffolds processed.
311000 scaffolds processed.
312000 scaffolds processed.
313000 scaffolds processed.
314000 scaffolds processed.
315000 scaffolds processed.
316000 scaffolds processed.
317000 scaffolds processed.
318000 scaffolds processed.
319000 scaffolds processed.
320000 scaffolds processed.
321000 scaffolds processed.
322000 scaffolds processed.
323000 scaffolds processed.
324000 scaffolds processed.
325000 scaffolds processed.
326000 scaffolds processed.
327000 scaffolds processed.
328000 scaffolds processed.
329000 scaffolds processed.
330000 scaffolds processed.
331000 scaffolds processed.
332000 scaffolds processed.
333000 scaffolds processed.
334000 scaffolds processed.
335000 scaffolds processed.
336000 scaffolds processed.
337000 scaffolds processed.
338000 scaffolds processed.
339000 scaffolds processed.
340000 scaffolds processed.
341000 scaffolds processed.
342000 scaffolds processed.
343000 scaffolds processed.
344000 scaffolds processed.
345000 scaffolds processed.
346000 scaffolds processed.
347000 scaffolds processed.
348000 scaffolds processed.
349000 scaffolds processed.
350000 scaffolds processed.
351000 scaffolds processed.
352000 scaffolds processed.
353000 scaffolds processed.
354000 scaffolds processed.
355000 scaffolds processed.
356000 scaffolds processed.
357000 scaffolds processed.
358000 scaffolds processed.
359000 scaffolds processed.
360000 scaffolds processed.
361000 scaffolds processed.
362000 scaffolds processed.
363000 scaffolds processed.
364000 scaffolds processed.
365000 scaffolds processed.
366000 scaffolds processed.
367000 scaffolds processed.
368000 scaffolds processed.
369000 scaffolds processed.
370000 scaffolds processed.
371000 scaffolds processed.
372000 scaffolds processed.
373000 scaffolds processed.
374000 scaffolds processed.
375000 scaffolds processed.
376000 scaffolds processed.
377000 scaffolds processed.
378000 scaffolds processed.
379000 scaffolds processed.
380000 scaffolds processed.
381000 scaffolds processed.
382000 scaffolds processed.
383000 scaffolds processed.
384000 scaffolds processed.
385000 scaffolds processed.
386000 scaffolds processed.
387000 scaffolds processed.
388000 scaffolds processed.
389000 scaffolds processed.
390000 scaffolds processed.
391000 scaffolds processed.
392000 scaffolds processed.
393000 scaffolds processed.
394000 scaffolds processed.
395000 scaffolds processed.
396000 scaffolds processed.
397000 scaffolds processed.
398000 scaffolds processed.
399000 scaffolds processed.
400000 scaffolds processed.
401000 scaffolds processed.
402000 scaffolds processed.
403000 scaffolds processed.
404000 scaffolds processed.
405000 scaffolds processed.
406000 scaffolds processed.
407000 scaffolds processed.
408000 scaffolds processed.
409000 scaffolds processed.
410000 scaffolds processed.
411000 scaffolds processed.
412000 scaffolds processed.
413000 scaffolds processed.
414000 scaffolds processed.
415000 scaffolds processed.
416000 scaffolds processed.
417000 scaffolds processed.
418000 scaffolds processed.
419000 scaffolds processed.
420000 scaffolds processed.
421000 scaffolds processed.
422000 scaffolds processed.
423000 scaffolds processed.
424000 scaffolds processed.
425000 scaffolds processed.
426000 scaffolds processed.
427000 scaffolds processed.
428000 scaffolds processed.
429000 scaffolds processed.
430000 scaffolds processed.
431000 scaffolds processed.
432000 scaffolds processed.
433000 scaffolds processed.
434000 scaffolds processed.
435000 scaffolds processed.
436000 scaffolds processed.
437000 scaffolds processed.
438000 scaffolds processed.
439000 scaffolds processed.
440000 scaffolds processed.
441000 scaffolds processed.
442000 scaffolds processed.
443000 scaffolds processed.
444000 scaffolds processed.
445000 scaffolds processed.
446000 scaffolds processed.
447000 scaffolds processed.
448000 scaffolds processed.
449000 scaffolds processed.
450000 scaffolds processed.
451000 scaffolds processed.
452000 scaffolds processed.
453000 scaffolds processed.
454000 scaffolds processed.
455000 scaffolds processed.
456000 scaffolds processed.
457000 scaffolds processed.
458000 scaffolds processed.
459000 scaffolds processed.
460000 scaffolds processed.
461000 scaffolds processed.
462000 scaffolds processed.
463000 scaffolds processed.
464000 scaffolds processed.
465000 scaffolds processed.
466000 scaffolds processed.
467000 scaffolds processed.
468000 scaffolds processed.
469000 scaffolds processed.
470000 scaffolds processed.
471000 scaffolds processed.
472000 scaffolds processed.
473000 scaffolds processed.
474000 scaffolds processed.
475000 scaffolds processed.
476000 scaffolds processed.
477000 scaffolds processed.
478000 scaffolds processed.
479000 scaffolds processed.
480000 scaffolds processed.
481000 scaffolds processed.
482000 scaffolds processed.
483000 scaffolds processed.
484000 scaffolds processed.
485000 scaffolds processed.
486000 scaffolds processed.
487000 scaffolds processed.
488000 scaffolds processed.
489000 scaffolds processed.
490000 scaffolds processed.
491000 scaffolds processed.
492000 scaffolds processed.
493000 scaffolds processed.
494000 scaffolds processed.
495000 scaffolds processed.
496000 scaffolds processed.
497000 scaffolds processed.
498000 scaffolds processed.
499000 scaffolds processed.
500000 scaffolds processed.
501000 scaffolds processed.
502000 scaffolds processed.
503000 scaffolds processed.
504000 scaffolds processed.
505000 scaffolds processed.
506000 scaffolds processed.
507000 scaffolds processed.
508000 scaffolds processed.
509000 scaffolds processed.
510000 scaffolds processed.
511000 scaffolds processed.
512000 scaffolds processed.
513000 scaffolds processed.
514000 scaffolds processed.
515000 scaffolds processed.
516000 scaffolds processed.
517000 scaffolds processed.
518000 scaffolds processed.
519000 scaffolds processed.
520000 scaffolds processed.
521000 scaffolds processed.
522000 scaffolds processed.
523000 scaffolds processed.
524000 scaffolds processed.
525000 scaffolds processed.
526000 scaffolds processed.
527000 scaffolds processed.
528000 scaffolds processed.
529000 scaffolds processed.
530000 scaffolds processed.
531000 scaffolds processed.
532000 scaffolds processed.
533000 scaffolds processed.
534000 scaffolds processed.
535000 scaffolds processed.
536000 scaffolds processed.
537000 scaffolds processed.
538000 scaffolds processed.
539000 scaffolds processed.
540000 scaffolds processed.
541000 scaffolds processed.
542000 scaffolds processed.
543000 scaffolds processed.
544000 scaffolds processed.
545000 scaffolds processed.
546000 scaffolds processed.
547000 scaffolds processed.
548000 scaffolds processed.
549000 scaffolds processed.
550000 scaffolds processed.
551000 scaffolds processed.
552000 scaffolds processed.
553000 scaffolds processed.
554000 scaffolds processed.
555000 scaffolds processed.
556000 scaffolds processed.
557000 scaffolds processed.
558000 scaffolds processed.
559000 scaffolds processed.
560000 scaffolds processed.
561000 scaffolds processed.
562000 scaffolds processed.
563000 scaffolds processed.
564000 scaffolds processed.
565000 scaffolds processed.
566000 scaffolds processed.
567000 scaffolds processed.
568000 scaffolds processed.
569000 scaffolds processed.
570000 scaffolds processed.
571000 scaffolds processed.
572000 scaffolds processed.
573000 scaffolds processed.
574000 scaffolds processed.
575000 scaffolds processed.
576000 scaffolds processed.
577000 scaffolds processed.
578000 scaffolds processed.
579000 scaffolds processed.
580000 scaffolds processed.
581000 scaffolds processed.
582000 scaffolds processed.
583000 scaffolds processed.
584000 scaffolds processed.
585000 scaffolds processed.
586000 scaffolds processed.
587000 scaffolds processed.
588000 scaffolds processed.
589000 scaffolds processed.
590000 scaffolds processed.
591000 scaffolds processed.
592000 scaffolds processed.
593000 scaffolds processed.
594000 scaffolds processed.
595000 scaffolds processed.
596000 scaffolds processed.
597000 scaffolds processed.
598000 scaffolds processed.
599000 scaffolds processed.
600000 scaffolds processed.
601000 scaffolds processed.
602000 scaffolds processed.
603000 scaffolds processed.
604000 scaffolds processed.
605000 scaffolds processed.
606000 scaffolds processed.
607000 scaffolds processed.
608000 scaffolds processed.
609000 scaffolds processed.
610000 scaffolds processed.
611000 scaffolds processed.
612000 scaffolds processed.
613000 scaffolds processed.
614000 scaffolds processed.
615000 scaffolds processed.
616000 scaffolds processed.
617000 scaffolds processed.
618000 scaffolds processed.
619000 scaffolds processed.
620000 scaffolds processed.
621000 scaffolds processed.
622000 scaffolds processed.
623000 scaffolds processed.
624000 scaffolds processed.
625000 scaffolds processed.
626000 scaffolds processed.
627000 scaffolds processed.
628000 scaffolds processed.
629000 scaffolds processed.
630000 scaffolds processed.
631000 scaffolds processed.
632000 scaffolds processed.
633000 scaffolds processed.
634000 scaffolds processed.
635000 scaffolds processed.
636000 scaffolds processed.
637000 scaffolds processed.
638000 scaffolds processed.
639000 scaffolds processed.
640000 scaffolds processed.
641000 scaffolds processed.
642000 scaffolds processed.
643000 scaffolds processed.
644000 scaffolds processed.
645000 scaffolds processed.
646000 scaffolds processed.
647000 scaffolds processed.
648000 scaffolds processed.
649000 scaffolds processed.
650000 scaffolds processed.
651000 scaffolds processed.
652000 scaffolds processed.
653000 scaffolds processed.
654000 scaffolds processed.
655000 scaffolds processed.
656000 scaffolds processed.
657000 scaffolds processed.
658000 scaffolds processed.
659000 scaffolds processed.
660000 scaffolds processed.
661000 scaffolds processed.
662000 scaffolds processed.
663000 scaffolds processed.
664000 scaffolds processed.
665000 scaffolds processed.
666000 scaffolds processed.
667000 scaffolds processed.
668000 scaffolds processed.
669000 scaffolds processed.
670000 scaffolds processed.
671000 scaffolds processed.
672000 scaffolds processed.
673000 scaffolds processed.
674000 scaffolds processed.
675000 scaffolds processed.
676000 scaffolds processed.
677000 scaffolds processed.
678000 scaffolds processed.
679000 scaffolds processed.
680000 scaffolds processed.
681000 scaffolds processed.
682000 scaffolds processed.
683000 scaffolds processed.
684000 scaffolds processed.
685000 scaffolds processed.
686000 scaffolds processed.
687000 scaffolds processed.
688000 scaffolds processed.
689000 scaffolds processed.
690000 scaffolds processed.
691000 scaffolds processed.
692000 scaffolds processed.
693000 scaffolds processed.
694000 scaffolds processed.
695000 scaffolds processed.
696000 scaffolds processed.
697000 scaffolds processed.
698000 scaffolds processed.
699000 scaffolds processed.
700000 scaffolds processed.
701000 scaffolds processed.
702000 scaffolds processed.
703000 scaffolds processed.
704000 scaffolds processed.
705000 scaffolds processed.
706000 scaffolds processed.
707000 scaffolds processed.
708000 scaffolds processed.
709000 scaffolds processed.
710000 scaffolds processed.
711000 scaffolds processed.
712000 scaffolds processed.
713000 scaffolds processed.
714000 scaffolds processed.
715000 scaffolds processed.
716000 scaffolds processed.
717000 scaffolds processed.
718000 scaffolds processed.
719000 scaffolds processed.
720000 scaffolds processed.
721000 scaffolds processed.
722000 scaffolds processed.
723000 scaffolds processed.
724000 scaffolds processed.
725000 scaffolds processed.
726000 scaffolds processed.
727000 scaffolds processed.
728000 scaffolds processed.
729000 scaffolds processed.
730000 scaffolds processed.
731000 scaffolds processed.
732000 scaffolds processed.
733000 scaffolds processed.
734000 scaffolds processed.
735000 scaffolds processed.
736000 scaffolds processed.
737000 scaffolds processed.
738000 scaffolds processed.
739000 scaffolds processed.
740000 scaffolds processed.
741000 scaffolds processed.
742000 scaffolds processed.
743000 scaffolds processed.
744000 scaffolds processed.
745000 scaffolds processed.
746000 scaffolds processed.
747000 scaffolds processed.
748000 scaffolds processed.
749000 scaffolds processed.
750000 scaffolds processed.
751000 scaffolds processed.
752000 scaffolds processed.
753000 scaffolds processed.
754000 scaffolds processed.
755000 scaffolds processed.
756000 scaffolds processed.
757000 scaffolds processed.
758000 scaffolds processed.
759000 scaffolds processed.
760000 scaffolds processed.
761000 scaffolds processed.
762000 scaffolds processed.
763000 scaffolds processed.
764000 scaffolds processed.
765000 scaffolds processed.
766000 scaffolds processed.
767000 scaffolds processed.
768000 scaffolds processed.
769000 scaffolds processed.
770000 scaffolds processed.
771000 scaffolds processed.
772000 scaffolds processed.
773000 scaffolds processed.
774000 scaffolds processed.
775000 scaffolds processed.
776000 scaffolds processed.
777000 scaffolds processed.
778000 scaffolds processed.
779000 scaffolds processed.
780000 scaffolds processed.
781000 scaffolds processed.
782000 scaffolds processed.
783000 scaffolds processed.
784000 scaffolds processed.
785000 scaffolds processed.
786000 scaffolds processed.
787000 scaffolds processed.
788000 scaffolds processed.
789000 scaffolds processed.
790000 scaffolds processed.
791000 scaffolds processed.
792000 scaffolds processed.
793000 scaffolds processed.
794000 scaffolds processed.
795000 scaffolds processed.
796000 scaffolds processed.
797000 scaffolds processed.
798000 scaffolds processed.
799000 scaffolds processed.
800000 scaffolds processed.
801000 scaffolds processed.
802000 scaffolds processed.
803000 scaffolds processed.
804000 scaffolds processed.
805000 scaffolds processed.
806000 scaffolds processed.
807000 scaffolds processed.
808000 scaffolds processed.
809000 scaffolds processed.
810000 scaffolds processed.
811000 scaffolds processed.
812000 scaffolds processed.
813000 scaffolds processed.
814000 scaffolds processed.
815000 scaffolds processed.
816000 scaffolds processed.
817000 scaffolds processed.
818000 scaffolds processed.
819000 scaffolds processed.
820000 scaffolds processed.
821000 scaffolds processed.
822000 scaffolds processed.
823000 scaffolds processed.

Done with 823645 scaffolds, 0 gaps finished, 2312876 gaps overall.

Overall time spent on constructing scaffolds: 1200m.
Time for the whole pipeline: 1697m.
	Command being timed: "SOAPdenovo-63mer all -s /home/assembly/de-novo-assembly/conf/soapdenovo2/Gonioctena_quinquepunctata.ini -K 23 -R -o /home/assembly/de-novo-assembly/results/soapdenovo2/Gonioctena_quinquepunctata"
	User time (seconds): 175825.68
	System time (seconds): 1563.77
	Percent of CPU this job got: 174%
	Elapsed (wall clock) time (h:mm:ss or m:ss): 28:17:15
	Average shared text size (kbytes): 0
	Average unshared data size (kbytes): 0
	Average stack size (kbytes): 0
	Average total size (kbytes): 0
	Maximum resident set size (kbytes): 445544032
	Average resident set size (kbytes): 0
	Major (requiring I/O) page faults: 139
	Minor (reclaiming a frame) page faults: 34835585
	Voluntary context switches: 1211393163
	Involuntary context switches: 158382100
	Swaps: 0
	File system inputs: 195399400
	File system outputs: 190092712
	Socket messages sent: 0
	Socket messages received: 0
	Signals delivered: 0
	Page size (bytes): 4096
	Exit status: 0
