
Version 2.04: released on July 13th, 2012
Compile Jul  9 2013	11:57:16

********************
Pregraph
********************

Parameters: pregraph -s /home/assembly/de-novo-assembly/conf/soapdenovo2/Rhagoletis_cerasi.ini -K 23 -R -o /home/assembly/de-novo-assembly/results/soapdenovo2/Rhagoletis_cerasi 

In /home/assembly/de-novo-assembly/conf/soapdenovo2/Rhagoletis_cerasi.ini, 1 lib(s), maximum read length 100, maximum name length 256.

8 thread(s) initialized.
Import reads from file:
 /home/assembly/data/schilthuizen/RawData/C0A7AACXX_101851-02_TGACCA_L001_R1.fastq.gz
Import reads from file:
 /home/assembly/data/schilthuizen/RawData/C0A7AACXX_101851-02_TGACCA_L001_R2.fastq.gz
Import reads from file:
 /home/assembly/data/schilthuizen/RawData/C0A7AACXX_101851-02_TGACCA_L002_R1.fastq.gz
Import reads from file:
 /home/assembly/data/schilthuizen/RawData/C0A7AACXX_101851-02_TGACCA_L002_R2.fastq.gz
Import reads from file:
 /home/assembly/data/schilthuizen/RawData/D0TRBACXX_101851-02_TGACCA_L004_R1.fastq.gz
Import reads from file:
 /home/assembly/data/schilthuizen/RawData/D0TRBACXX_101851-02_TGACCA_L004_R2.fastq.gz
--- 100000000th reads.
Import reads from file:
 /home/assembly/data/schilthuizen/RawData/C0A7AACXX_101851-03_ACAGTG_L001_R1.fastq.gz
Import reads from file:
 /home/assembly/data/schilthuizen/RawData/C0A7AACXX_101851-03_ACAGTG_L001_R2.fastq.gz
Import reads from file:
 /home/assembly/data/schilthuizen/RawData/C0A7AACXX_101851-03_ACAGTG_L002_R1.fastq.gz
Import reads from file:
 /home/assembly/data/schilthuizen/RawData/C0A7AACXX_101851-03_ACAGTG_L002_R2.fastq.gz
Import reads from file:
 /home/assembly/data/schilthuizen/RawData/D0TRBACXX_101851-03_ACAGTG_L004_R1.fastq.gz
Import reads from file:
 /home/assembly/data/schilthuizen/RawData/D0TRBACXX_101851-03_ACAGTG_L004_R2.fastq.gz
--- 200000000th reads.
Import reads from file:
 /home/assembly/data/schilthuizen/RawData/C0A7AACXX_101851-06_GCCAAT_L001_R1.fastq.gz
Import reads from file:
 /home/assembly/data/schilthuizen/RawData/C0A7AACXX_101851-06_GCCAAT_L001_R2.fastq.gz
--- 300000000th reads.
Import reads from file:
 /home/assembly/data/schilthuizen/RawData/C0A7AACXX_101851-06_GCCAAT_L002_R1.fastq.gz
Import reads from file:
 /home/assembly/data/schilthuizen/RawData/C0A7AACXX_101851-06_GCCAAT_L002_R2.fastq.gz
Import reads from file:
 /home/assembly/data/schilthuizen/RawData/D0TRBACXX_101851-06_GCCAAT_L004_R1.fastq.gz
Import reads from file:
 /home/assembly/data/schilthuizen/RawData/D0TRBACXX_101851-06_GCCAAT_L004_R2.fastq.gz
--- 400000000th reads.
--- 500000000th reads.
Time spent on hashing reads: 10301s, 535329874 read(s) processed.
LIB(s) information:
 [LIB] 0, avg_ins 200, reverse 0.
2688017720 node(s) allocated, 41755730172 kmer(s) in reads, 41755730172 kmer(s) processed.
done hashing nodes
2473620790 linear node(s) marked.
Time spent on marking linear nodes: 131s.
Time spent on pre-graph construction: 10432s.

Start to remove frequency-one-kmer tips shorter than 46.
Total 43787681 tip(s) removed.
8 thread(s) initialized.
28867824 linear node(s) marked.
Start to remove tips with minority links.
1709436 tip(s) removed in cycle 1.
2603 tip(s) removed in cycle 2.
3 tip(s) removed in cycle 3.
0 tip(s) removed in cycle 4.
Total 1712042 tip(s) removed.
8 thread(s) initialized.
0 linear node(s) marked.
Time spent on removing tips: 1010s.

--- 20000000 edge(s) built.
--- 40000000 edge(s) built.
--- 70000000 edge(s) built.
--- 80000000 edge(s) built.
--- 110000000 edge(s) built.
--- 120000000 edge(s) built.
--- 130000000 edge(s) built.
--- 140000000 edge(s) built.
--- 150000000 edge(s) built.
--- 170000000 edge(s) built.
--- 180000000 edge(s) built.
--- 190000000 edge(s) built.
--- 220000000 edge(s) built.
--- 270000000 edge(s) built.
--- 290000000 edge(s) built.
--- 310000000 edge(s) built.
--- 320000000 edge(s) built.
--- 340000000 edge(s) built.
--- 350000000 edge(s) built.
--- 360000000 edge(s) built.
--- 380000000 edge(s) built.
--- 400000000 edge(s) built.
--- 420000000 edge(s) built.
--- 440000000 edge(s) built.
459656806 (229844390) edge(s) and 63184335 extra node(s) constructed.
Time spent on constructing edges: 3528s.

In file: /home/assembly/de-novo-assembly/conf/soapdenovo2/Rhagoletis_cerasi.ini, max seq len 100, max name len 256.
8 thread(s) initialized.
Import reads from file:
 /home/assembly/data/schilthuizen/RawData/C0A7AACXX_101851-02_TGACCA_L001_R1.fastq.gz
Import reads from file:
 /home/assembly/data/schilthuizen/RawData/C0A7AACXX_101851-02_TGACCA_L001_R2.fastq.gz
Import reads from file:
 /home/assembly/data/schilthuizen/RawData/C0A7AACXX_101851-02_TGACCA_L002_R1.fastq.gz
Import reads from file:
 /home/assembly/data/schilthuizen/RawData/C0A7AACXX_101851-02_TGACCA_L002_R2.fastq.gz
Import reads from file:
 /home/assembly/data/schilthuizen/RawData/D0TRBACXX_101851-02_TGACCA_L004_R1.fastq.gz
Import reads from file:
 /home/assembly/data/schilthuizen/RawData/D0TRBACXX_101851-02_TGACCA_L004_R2.fastq.gz
--- 100000000th reads.
Import reads from file:
 /home/assembly/data/schilthuizen/RawData/C0A7AACXX_101851-03_ACAGTG_L001_R1.fastq.gz
Import reads from file:
 /home/assembly/data/schilthuizen/RawData/C0A7AACXX_101851-03_ACAGTG_L001_R2.fastq.gz
Import reads from file:
 /home/assembly/data/schilthuizen/RawData/C0A7AACXX_101851-03_ACAGTG_L002_R1.fastq.gz
Import reads from file:
 /home/assembly/data/schilthuizen/RawData/C0A7AACXX_101851-03_ACAGTG_L002_R2.fastq.gz
Import reads from file:
 /home/assembly/data/schilthuizen/RawData/D0TRBACXX_101851-03_ACAGTG_L004_R1.fastq.gz
Import reads from file:
 /home/assembly/data/schilthuizen/RawData/D0TRBACXX_101851-03_ACAGTG_L004_R2.fastq.gz
--- 200000000th reads.
Import reads from file:
 /home/assembly/data/schilthuizen/RawData/C0A7AACXX_101851-06_GCCAAT_L001_R1.fastq.gz
Import reads from file:
 /home/assembly/data/schilthuizen/RawData/C0A7AACXX_101851-06_GCCAAT_L001_R2.fastq.gz
--- 300000000th reads.
Import reads from file:
 /home/assembly/data/schilthuizen/RawData/C0A7AACXX_101851-06_GCCAAT_L002_R1.fastq.gz
Import reads from file:
 /home/assembly/data/schilthuizen/RawData/C0A7AACXX_101851-06_GCCAAT_L002_R2.fastq.gz
Import reads from file:
 /home/assembly/data/schilthuizen/RawData/D0TRBACXX_101851-06_GCCAAT_L004_R1.fastq.gz
Import reads from file:
 /home/assembly/data/schilthuizen/RawData/D0TRBACXX_101851-06_GCCAAT_L004_R2.fastq.gz
--- 400000000th reads.
--- 500000000th reads.
535329874 read(s) processed.
Time spent on:
 importing reads: 2283s,
 chopping reads to kmers: 603s,
 searching kmers: 3650s,
 aligning reads to edges: 1222s,
 searching (K+1)mers: 1235s,
 adding pre-arcs: 2172s,
 recording read paths: 626s.
19574890834 marker(s) output.
Reads alignment done, 533364 read(s) deleted, 492784396 pre-arc(s) added.
LIB(s) information:
 [LIB] 0, avg_ins 200, reverse 0.
Time spent on aligning reads: 12183s.

140241007 vertex(es) output.
Overall time spent on constructing pre-graph: 453m.


********************
Contig
********************

Parameters: contig -g /home/assembly/de-novo-assembly/results/soapdenovo2/Rhagoletis_cerasi -M 1 -R -s /home/assembly/de-novo-assembly/conf/soapdenovo2/Rhagoletis_cerasi.ini 

There are 140241007 kmer(s) in vertex file.
There are 459656806 edge(s) in edge file.
Kmers sorted.
459656806 edge(s) input.
625482048 pre-arcs loaded.
11257315686 markers overall.
11257315686 markers loaded.
114750716 none-palindrome edge(s) swapped, 0 palindrome edge(s) processed.
459656806 edge(s) sorted.
Arcs sorted.
4695106 repeat(s) are solvable, 9405356 more edge(s).
18810712 dead arc(s) removed.
Time spent on solving repeat: 187s.
Start to pinch bubbles, cutoff 0.100000, MAX NODE NUM 3, MAX DIFF NUM 2.
.............100000 bubbles merged.
.............200000 bubbles merged.
.............300000 bubbles merged.
.............400000 bubbles merged.
.............500000 bubbles merged.
.............600000 bubbles merged.
.............700000 bubbles merged.
.............800000 bubbles merged.
.............900000 bubbles merged.
.............1000000 bubbles merged.
.............1100000 bubbles merged.
.............1200000 bubbles merged.
.............1300000 bubbles merged.
.............1400000 bubbles merged.
.............1500000 bubbles merged.
.............1600000 bubbles merged.
.............1700000 bubbles merged.
.............1800000 bubbles merged.
.............1900000 bubbles merged.
.............2000000 bubbles merged.
.............2100000 bubbles merged.
.............2200000 bubbles merged.
.............2300000 bubbles merged.
.............2400000 bubbles merged.
.............2500000 bubbles merged.
.............2600000 bubbles merged.
.............2700000 bubbles merged.
.............2800000 bubbles merged.
.............2900000 bubbles merged.
.............3000000 bubbles merged.
.............3100000 bubbles merged.
.............3200000 bubbles merged.
.............3300000 bubbles merged.
.............3400000 bubbles merged.
.............3500000 bubbles merged.
.............3600000 bubbles merged.
.............3700000 bubbles merged.
.............3800000 bubbles merged.
.............3900000 bubbles merged.
.............4000000 bubbles merged.
.............4100000 bubbles merged.
.............4200000 bubbles merged.
.............4300000 bubbles merged.
.............4400000 bubbles merged.
.............4500000 bubbles merged.
.............4600000 bubbles merged.
.............4700000 bubbles merged.
.............4800000 bubbles merged.
.............4900000 bubbles merged.
.............5000000 bubbles merged.
.............5100000 bubbles merged.
.............5200000 bubbles merged.
.............5300000 bubbles merged.
.............5400000 bubbles merged.
.............5500000 bubbles merged.
.............5600000 bubbles merged.
2018358 start points, 449683265 dheap nodes.
153586823 pair(s) found, 6540185 pair of path(s) compared, 5675796 pair(s) merged.
Sequence comparison failed:
 Path crossing deleted edge                         0
 Length difference of two paths greater than two    286303
 Mismatch score greater than cutoff (2)             284073
 Mismatch score ratio greater than cutoff (0.1)     0
 Path length shorter than (Kmer-1)                  294013
DFibHeap: 62046819 node(s) allocated.
42154427 edge(s) concatenated in cycle 1.
1557624 edge(s) concatenated in cycle 2.
2112 edge(s) concatenated in cycle 3.
0 edge(s) concatenated in cycle 4.
Time spent on pinching bubbles: 4344s.
Start to destroy weak inner edges.
35295684 weak inner edge(s) destroyed in cycle 1.
399375 weak inner edge(s) destroyed in cycle 2.
6815 weak inner edge(s) destroyed in cycle 3.
156 weak inner edge(s) destroyed in cycle 4.
2 weak inner edge(s) destroyed in cycle 5.
0 weak inner edge(s) destroyed in cycle 6.
70231180 dead arc(s) removed.
3879926 inner edge(s) with coverage lower than or equal to 1 destroyed.
8386541 dead arc(s) removed.
45457001 edge(s) concatenated in cycle 1.
1667881 edge(s) concatenated in cycle 2.
6104 edge(s) concatenated in cycle 3.
0 edge(s) concatenated in cycle 4.
Before compacting, 469062162 edge(s) existed.
After compacting, 196627564 edge(s) left.

Strict: 0, cutoff length: 46.
10855356 tips cut in cycle 1.
757569 tips cut in cycle 2.
165600 tips cut in cycle 3.
47628 tips cut in cycle 4.
17188 tips cut in cycle 5.
7032 tips cut in cycle 6.
3454 tips cut in cycle 7.
1826 tips cut in cycle 8.
1059 tips cut in cycle 9.
714 tips cut in cycle 10.
484 tips cut in cycle 11.
302 tips cut in cycle 12.
236 tips cut in cycle 13.
178 tips cut in cycle 14.
151 tips cut in cycle 15.
109 tips cut in cycle 16.
92 tips cut in cycle 17.
78 tips cut in cycle 18.
53 tips cut in cycle 19.
40 tips cut in cycle 20.
39 tips cut in cycle 21.
13 tips cut in cycle 22.
14 tips cut in cycle 23.
3 tips cut in cycle 24.
5 tips cut in cycle 25.
1 tips cut in cycle 26.
0 tips cut in cycle 27.
9669798 dead arc(s) removed.
5591578 edge(s) concatenated in cycle 1.
22209 edge(s) concatenated in cycle 2.
0 edge(s) concatenated in cycle 3.
Before compacting, 196627564 edge(s) existed.
After compacting, 161681542 edge(s) left.

There are 3401824 contig(s) longer than 100, sum up 460903209 bp, with average length 135.
The longest length is 8319 bp, contig N50 is 125 bp,contig N90 is 100 bp.
80855714 contig(s) longer than 24 output.

Time spent on constructing contig: 228m.


********************
Map
********************

Parameters: map -s /home/assembly/de-novo-assembly/conf/soapdenovo2/Rhagoletis_cerasi.ini -g /home/assembly/de-novo-assembly/results/soapdenovo2/Rhagoletis_cerasi -K 23 

Kmer size: 23.
Contig length cutoff: 25.

80855714 contig(s), maximum sequence length 8319, minimum sequence length 24, maximum name length 10.
Time spent on parsing contigs file: 26s.
8 thread(s) initialized.
--- 10000000th contig(s).
--- 20000000th contig(s).
--- 30000000th contig(s).
--- 40000000th contig(s).
--- 50000000th contig(s).
--- 60000000th contig(s).
--- 70000000th contig(s).
--- 80000000th contig(s).
Time spent on hashing contigs: 333s.
1345246608 node(s) allocated, 1431762098 kmer(s) in contigs, 1431762098 kmer(s) processed.
Time spent on graph construction: 359s.

Time spent on aligning long reads: 0s.

In file: /home/assembly/de-novo-assembly/conf/soapdenovo2/Rhagoletis_cerasi.ini, max seq len 100, max name len 256
8 thread(s) initialized.
161681542 edge(s) in the graph.
Import reads from file:
 /home/assembly/data/schilthuizen/RawData/C0A7AACXX_101851-02_TGACCA_L001_R1.fastq.gz
Import reads from file:
 /home/assembly/data/schilthuizen/RawData/C0A7AACXX_101851-02_TGACCA_L001_R2.fastq.gz
Current insert size is 200, map_len is 32.
Import reads from file:
 /home/assembly/data/schilthuizen/RawData/C0A7AACXX_101851-02_TGACCA_L002_R1.fastq.gz
Import reads from file:
 /home/assembly/data/schilthuizen/RawData/C0A7AACXX_101851-02_TGACCA_L002_R2.fastq.gz
Import reads from file:
 /home/assembly/data/schilthuizen/RawData/D0TRBACXX_101851-02_TGACCA_L004_R1.fastq.gz
Import reads from file:
 /home/assembly/data/schilthuizen/RawData/D0TRBACXX_101851-02_TGACCA_L004_R2.fastq.gz
--- 100000000th reads.
Import reads from file:
 /home/assembly/data/schilthuizen/RawData/C0A7AACXX_101851-03_ACAGTG_L001_R1.fastq.gz
Import reads from file:
 /home/assembly/data/schilthuizen/RawData/C0A7AACXX_101851-03_ACAGTG_L001_R2.fastq.gz
Import reads from file:
 /home/assembly/data/schilthuizen/RawData/C0A7AACXX_101851-03_ACAGTG_L002_R1.fastq.gz
Import reads from file:
 /home/assembly/data/schilthuizen/RawData/C0A7AACXX_101851-03_ACAGTG_L002_R2.fastq.gz
Import reads from file:
 /home/assembly/data/schilthuizen/RawData/D0TRBACXX_101851-03_ACAGTG_L004_R1.fastq.gz
Import reads from file:
 /home/assembly/data/schilthuizen/RawData/D0TRBACXX_101851-03_ACAGTG_L004_R2.fastq.gz
--- 200000000th reads.
Import reads from file:
 /home/assembly/data/schilthuizen/RawData/C0A7AACXX_101851-06_GCCAAT_L001_R1.fastq.gz
Import reads from file:
 /home/assembly/data/schilthuizen/RawData/C0A7AACXX_101851-06_GCCAAT_L001_R2.fastq.gz
--- 300000000th reads.
Import reads from file:
 /home/assembly/data/schilthuizen/RawData/C0A7AACXX_101851-06_GCCAAT_L002_R1.fastq.gz
Import reads from file:
 /home/assembly/data/schilthuizen/RawData/C0A7AACXX_101851-06_GCCAAT_L002_R2.fastq.gz
Import reads from file:
 /home/assembly/data/schilthuizen/RawData/D0TRBACXX_101851-06_GCCAAT_L004_R1.fastq.gz
Import reads from file:
 /home/assembly/data/schilthuizen/RawData/D0TRBACXX_101851-06_GCCAAT_L004_R2.fastq.gz
--- 400000000th reads.
--- 500000000th reads.

Total reads         535329874
Reads in gaps       368181031
Ratio               68.8%
Reads on contigs    389988982
Ratio               72.9%
1 pe insert size, the largest boundary is 535329874.

LIB(s) information:
 [LIB] 0, avg_ins 200, reverse 0.
Time spent on aligning reads: 9970s.

Overall time spent on alignment: 172m.


********************
Scaff
********************

Parameters: scaff -g /home/assembly/de-novo-assembly/results/soapdenovo2/Rhagoletis_cerasi 

Files for scaffold construction are OK.

There are 1 grad(s), 535329874 read(s), max read len 100.
Kmer size: 23
There are 161681542 edge(s) in edge file.
Mask contigs with coverage lower than 1.9 or higher than 38.0, and strict length 100.
Average contig coverage is 19, 88995438 contig(s) masked.
Mask contigs shorter than 25, 56417550 contig(s) masked.
225714776 arc(s) loaded, average weight is 10.
80855714 contig(s) loaded.
Done loading updated edges.
Time spent on loading updated edges: 488s.

*****************************************************
Start to load paired-end reads information.

For insert size: 200
 Total PE links                      168548944
 Normal PE links on same contig      24958398
 Incorrect oriented PE links         85943
 PE links of too small insert size   7416144
 PE links of too large insert size   0
 Correct PE links                    136088200
 Accumulated connections             110093646
Use contigs longer than 200 to estimate insert size: 
 PE links               6729639
 Average insert size    195
 SD                     52
55046823 new connections.

All paired-end reads information loaded.
Time spent on loading paired-end reads information: 1127s.

*****************************************************
Start to construct scaffolds.

***************************
For insert size: 200
 Total PE links                55046822
 PE links to masked contigs    45825405
 On same scaffold PE links     0
Cutoff of PE links to make a reliable connection: 3
 Active connections    18442834
 Weak connections      12246940
 Weak ratio            66.4%
30 circles removed.
Start to remove transitive connection.
Total contigs                         161681542
Masked contigs                        145413108
Remained contigs                      16268434
None-outgoing-connection contigs      11152374 (68.552223%)
Single-outgoing-connection contigs    4169141
Multi-outgoing-connection contigs     112290
Cycle 1
 Two-outgoing-connection contigs     834629
 Potential transitive connections    131497
 Transitive connections              90724
 Transitive ratio                    10.9%
Cycle 2
 Two-outgoing-connection contigs     727430
 Potential transitive connections    40771
 Transitive connections              0
 Transitive ratio                    0.0%
Start to linearize sub-graph.
 Picked sub-graphs          580969
 Connection-conflict        1190
 Significant overlapping    272633
 Eligible                   325
 Bubble structures          2132
Mask repeats:
 Puzzles           193472
 Masked contigs    183369
Start to remove transitive connection.
Total contigs                         161681542
Masked contigs                        145784110
Remained contigs                      15897432
None-outgoing-connection contigs      11193950 (70.413574%)
Single-outgoing-connection contigs    4697276
Multi-outgoing-connection contigs     177
Cycle 1
 Two-outgoing-connection contigs     6029
 Potential transitive connections    3482
 Transitive connections              2664
 Transitive ratio                    44.2%
Cycle 2
 Two-outgoing-connection contigs     3343
 Potential transitive connections    818
 Transitive connections              0
 Transitive ratio                    0.0%
Start to linearize sub-graph.
 Picked sub-graphs          3343
 Connection-conflict        22
 Significant overlapping    2257
 Eligible                   1
 Bubble structures          0
Non-strict linearization.
Start to linearize sub-graph.
 Picked sub-graphs          2208
 Connection-conflict        24
 Significant overlapping    1518
 Eligible                   1
 Bubble structures          0
Start to mask puzzles.
 Masked contigs      1336
 Remained puzzles    11
Freezing done.

Recover contigs.
 Total recovered contigs    8610
 Single-route cases         8485
 Multi-route cases          174

All links loaded.
Time spent on constructing scaffolds: 209s.

The final rank

*******************************
 Scaffold number                  535461
 In-scaffold contig number        3401525
 Total scaffold length            261943773
 Average scaffold length          489
 Filled gap number                481166
 Longest scaffold                 21472
 Scaffold and singleton number    2978257
 Scaffold and singleton length    504764287
 Average length                   169
 N50                              250
 N90                              77
 Weak points                      0

*******************************
1000 scaffolds processed.
2000 scaffolds processed.
3000 scaffolds processed.
4000 scaffolds processed.
5000 scaffolds processed.
6000 scaffolds processed.
7000 scaffolds processed.
8000 scaffolds processed.
9000 scaffolds processed.
10000 scaffolds processed.
11000 scaffolds processed.
12000 scaffolds processed.
13000 scaffolds processed.
14000 scaffolds processed.
15000 scaffolds processed.
16000 scaffolds processed.
17000 scaffolds processed.
18000 scaffolds processed.
19000 scaffolds processed.
20000 scaffolds processed.
21000 scaffolds processed.
22000 scaffolds processed.
23000 scaffolds processed.
24000 scaffolds processed.
25000 scaffolds processed.
26000 scaffolds processed.
27000 scaffolds processed.
28000 scaffolds processed.
29000 scaffolds processed.
30000 scaffolds processed.
31000 scaffolds processed.
32000 scaffolds processed.
33000 scaffolds processed.
34000 scaffolds processed.
35000 scaffolds processed.
36000 scaffolds processed.
37000 scaffolds processed.
38000 scaffolds processed.
39000 scaffolds processed.
40000 scaffolds processed.
41000 scaffolds processed.
42000 scaffolds processed.
43000 scaffolds processed.
44000 scaffolds processed.
45000 scaffolds processed.
46000 scaffolds processed.
47000 scaffolds processed.
48000 scaffolds processed.
49000 scaffolds processed.
50000 scaffolds processed.
51000 scaffolds processed.
52000 scaffolds processed.
53000 scaffolds processed.
54000 scaffolds processed.
55000 scaffolds processed.
56000 scaffolds processed.
57000 scaffolds processed.
58000 scaffolds processed.
59000 scaffolds processed.
60000 scaffolds processed.
61000 scaffolds processed.
62000 scaffolds processed.
63000 scaffolds processed.
64000 scaffolds processed.
65000 scaffolds processed.
66000 scaffolds processed.
67000 scaffolds processed.
68000 scaffolds processed.
69000 scaffolds processed.
70000 scaffolds processed.
71000 scaffolds processed.
72000 scaffolds processed.
73000 scaffolds processed.
74000 scaffolds processed.
75000 scaffolds processed.
76000 scaffolds processed.
77000 scaffolds processed.
78000 scaffolds processed.
79000 scaffolds processed.
80000 scaffolds processed.
81000 scaffolds processed.
82000 scaffolds processed.
83000 scaffolds processed.
84000 scaffolds processed.
85000 scaffolds processed.
86000 scaffolds processed.
87000 scaffolds processed.
88000 scaffolds processed.
89000 scaffolds processed.
90000 scaffolds processed.
91000 scaffolds processed.
92000 scaffolds processed.
93000 scaffolds processed.
94000 scaffolds processed.
95000 scaffolds processed.
96000 scaffolds processed.
97000 scaffolds processed.
98000 scaffolds processed.
99000 scaffolds processed.
100000 scaffolds processed.
101000 scaffolds processed.
102000 scaffolds processed.
103000 scaffolds processed.
104000 scaffolds processed.
105000 scaffolds processed.
106000 scaffolds processed.
107000 scaffolds processed.
108000 scaffolds processed.
109000 scaffolds processed.
110000 scaffolds processed.
111000 scaffolds processed.
112000 scaffolds processed.
113000 scaffolds processed.
114000 scaffolds processed.
115000 scaffolds processed.
116000 scaffolds processed.
117000 scaffolds processed.
118000 scaffolds processed.
119000 scaffolds processed.
120000 scaffolds processed.
121000 scaffolds processed.
122000 scaffolds processed.
123000 scaffolds processed.
124000 scaffolds processed.
125000 scaffolds processed.
126000 scaffolds processed.
127000 scaffolds processed.
128000 scaffolds processed.
129000 scaffolds processed.
130000 scaffolds processed.
131000 scaffolds processed.
132000 scaffolds processed.
133000 scaffolds processed.
134000 scaffolds processed.
135000 scaffolds processed.
136000 scaffolds processed.
137000 scaffolds processed.
138000 scaffolds processed.
139000 scaffolds processed.
140000 scaffolds processed.
141000 scaffolds processed.
142000 scaffolds processed.
143000 scaffolds processed.
144000 scaffolds processed.
145000 scaffolds processed.
146000 scaffolds processed.
147000 scaffolds processed.
148000 scaffolds processed.
149000 scaffolds processed.
150000 scaffolds processed.
151000 scaffolds processed.
152000 scaffolds processed.
153000 scaffolds processed.
154000 scaffolds processed.
155000 scaffolds processed.
156000 scaffolds processed.
157000 scaffolds processed.
158000 scaffolds processed.
159000 scaffolds processed.
160000 scaffolds processed.
161000 scaffolds processed.
162000 scaffolds processed.
163000 scaffolds processed.
164000 scaffolds processed.
165000 scaffolds processed.
166000 scaffolds processed.
167000 scaffolds processed.
168000 scaffolds processed.
169000 scaffolds processed.
170000 scaffolds processed.
171000 scaffolds processed.
172000 scaffolds processed.
173000 scaffolds processed.
174000 scaffolds processed.
175000 scaffolds processed.
176000 scaffolds processed.
177000 scaffolds processed.
178000 scaffolds processed.
179000 scaffolds processed.
180000 scaffolds processed.
181000 scaffolds processed.
182000 scaffolds processed.
183000 scaffolds processed.
184000 scaffolds processed.
185000 scaffolds processed.
186000 scaffolds processed.
187000 scaffolds processed.
188000 scaffolds processed.
189000 scaffolds processed.
190000 scaffolds processed.
191000 scaffolds processed.
192000 scaffolds processed.
193000 scaffolds processed.
194000 scaffolds processed.
195000 scaffolds processed.
196000 scaffolds processed.
197000 scaffolds processed.
198000 scaffolds processed.
199000 scaffolds processed.
200000 scaffolds processed.
201000 scaffolds processed.
202000 scaffolds processed.
203000 scaffolds processed.
204000 scaffolds processed.
205000 scaffolds processed.
206000 scaffolds processed.
207000 scaffolds processed.
208000 scaffolds processed.
209000 scaffolds processed.
210000 scaffolds processed.
211000 scaffolds processed.
212000 scaffolds processed.
213000 scaffolds processed.
214000 scaffolds processed.
215000 scaffolds processed.
216000 scaffolds processed.
217000 scaffolds processed.
218000 scaffolds processed.
219000 scaffolds processed.
220000 scaffolds processed.
221000 scaffolds processed.
222000 scaffolds processed.
223000 scaffolds processed.
224000 scaffolds processed.
225000 scaffolds processed.
226000 scaffolds processed.
227000 scaffolds processed.
228000 scaffolds processed.
229000 scaffolds processed.
230000 scaffolds processed.
231000 scaffolds processed.
232000 scaffolds processed.
233000 scaffolds processed.
234000 scaffolds processed.
235000 scaffolds processed.
236000 scaffolds processed.
237000 scaffolds processed.
238000 scaffolds processed.
239000 scaffolds processed.
240000 scaffolds processed.
241000 scaffolds processed.
242000 scaffolds processed.
243000 scaffolds processed.
244000 scaffolds processed.
245000 scaffolds processed.
246000 scaffolds processed.
247000 scaffolds processed.
248000 scaffolds processed.
249000 scaffolds processed.
250000 scaffolds processed.
251000 scaffolds processed.
252000 scaffolds processed.
253000 scaffolds processed.
254000 scaffolds processed.
255000 scaffolds processed.
256000 scaffolds processed.
257000 scaffolds processed.
258000 scaffolds processed.
259000 scaffolds processed.
260000 scaffolds processed.
261000 scaffolds processed.
262000 scaffolds processed.
263000 scaffolds processed.
264000 scaffolds processed.
265000 scaffolds processed.
266000 scaffolds processed.
267000 scaffolds processed.
268000 scaffolds processed.
269000 scaffolds processed.
270000 scaffolds processed.
271000 scaffolds processed.
272000 scaffolds processed.
273000 scaffolds processed.
274000 scaffolds processed.
275000 scaffolds processed.
276000 scaffolds processed.
277000 scaffolds processed.
278000 scaffolds processed.
279000 scaffolds processed.
280000 scaffolds processed.
281000 scaffolds processed.
282000 scaffolds processed.
283000 scaffolds processed.
284000 scaffolds processed.
285000 scaffolds processed.
286000 scaffolds processed.
287000 scaffolds processed.
288000 scaffolds processed.
289000 scaffolds processed.
290000 scaffolds processed.
291000 scaffolds processed.
292000 scaffolds processed.
293000 scaffolds processed.
294000 scaffolds processed.
295000 scaffolds processed.
296000 scaffolds processed.
297000 scaffolds processed.
298000 scaffolds processed.
299000 scaffolds processed.
300000 scaffolds processed.
301000 scaffolds processed.
302000 scaffolds processed.
303000 scaffolds processed.
304000 scaffolds processed.
305000 scaffolds processed.
306000 scaffolds processed.
307000 scaffolds processed.
308000 scaffolds processed.
309000 scaffolds processed.
310000 scaffolds processed.
311000 scaffolds processed.
312000 scaffolds processed.
313000 scaffolds processed.
314000 scaffolds processed.
315000 scaffolds processed.
316000 scaffolds processed.
317000 scaffolds processed.
318000 scaffolds processed.
319000 scaffolds processed.
320000 scaffolds processed.
321000 scaffolds processed.
322000 scaffolds processed.
323000 scaffolds processed.
324000 scaffolds processed.
325000 scaffolds processed.
326000 scaffolds processed.
327000 scaffolds processed.
328000 scaffolds processed.
329000 scaffolds processed.
330000 scaffolds processed.
331000 scaffolds processed.
332000 scaffolds processed.
333000 scaffolds processed.
334000 scaffolds processed.
335000 scaffolds processed.
336000 scaffolds processed.
337000 scaffolds processed.
338000 scaffolds processed.
339000 scaffolds processed.
340000 scaffolds processed.
341000 scaffolds processed.
342000 scaffolds processed.
343000 scaffolds processed.
344000 scaffolds processed.
345000 scaffolds processed.
346000 scaffolds processed.
347000 scaffolds processed.
348000 scaffolds processed.
349000 scaffolds processed.
350000 scaffolds processed.
351000 scaffolds processed.
352000 scaffolds processed.
353000 scaffolds processed.
354000 scaffolds processed.
355000 scaffolds processed.
356000 scaffolds processed.
357000 scaffolds processed.
358000 scaffolds processed.
359000 scaffolds processed.
360000 scaffolds processed.
361000 scaffolds processed.
362000 scaffolds processed.
363000 scaffolds processed.
364000 scaffolds processed.
365000 scaffolds processed.
366000 scaffolds processed.
367000 scaffolds processed.
368000 scaffolds processed.
369000 scaffolds processed.
370000 scaffolds processed.
371000 scaffolds processed.
372000 scaffolds processed.
373000 scaffolds processed.
374000 scaffolds processed.
375000 scaffolds processed.
376000 scaffolds processed.
377000 scaffolds processed.
378000 scaffolds processed.
379000 scaffolds processed.
380000 scaffolds processed.
381000 scaffolds processed.
382000 scaffolds processed.
383000 scaffolds processed.
384000 scaffolds processed.
385000 scaffolds processed.
386000 scaffolds processed.
387000 scaffolds processed.
388000 scaffolds processed.
389000 scaffolds processed.
390000 scaffolds processed.
391000 scaffolds processed.
392000 scaffolds processed.
393000 scaffolds processed.
394000 scaffolds processed.
395000 scaffolds processed.
396000 scaffolds processed.
397000 scaffolds processed.
398000 scaffolds processed.
399000 scaffolds processed.
400000 scaffolds processed.
401000 scaffolds processed.
402000 scaffolds processed.
403000 scaffolds processed.
404000 scaffolds processed.
405000 scaffolds processed.
406000 scaffolds processed.
407000 scaffolds processed.
408000 scaffolds processed.
409000 scaffolds processed.
410000 scaffolds processed.
411000 scaffolds processed.
412000 scaffolds processed.
413000 scaffolds processed.
414000 scaffolds processed.
415000 scaffolds processed.
416000 scaffolds processed.
417000 scaffolds processed.
418000 scaffolds processed.
419000 scaffolds processed.
420000 scaffolds processed.
421000 scaffolds processed.
422000 scaffolds processed.
423000 scaffolds processed.
424000 scaffolds processed.
425000 scaffolds processed.
426000 scaffolds processed.
427000 scaffolds processed.
428000 scaffolds processed.
429000 scaffolds processed.
430000 scaffolds processed.
431000 scaffolds processed.
432000 scaffolds processed.
433000 scaffolds processed.
434000 scaffolds processed.
435000 scaffolds processed.
436000 scaffolds processed.
437000 scaffolds processed.
438000 scaffolds processed.
439000 scaffolds processed.
440000 scaffolds processed.
441000 scaffolds processed.
442000 scaffolds processed.
443000 scaffolds processed.
444000 scaffolds processed.
445000 scaffolds processed.
446000 scaffolds processed.
447000 scaffolds processed.
448000 scaffolds processed.
449000 scaffolds processed.
450000 scaffolds processed.
451000 scaffolds processed.
452000 scaffolds processed.
453000 scaffolds processed.
454000 scaffolds processed.
455000 scaffolds processed.
456000 scaffolds processed.
457000 scaffolds processed.
458000 scaffolds processed.
459000 scaffolds processed.
460000 scaffolds processed.
461000 scaffolds processed.
462000 scaffolds processed.
463000 scaffolds processed.
464000 scaffolds processed.
465000 scaffolds processed.
466000 scaffolds processed.
467000 scaffolds processed.
468000 scaffolds processed.
469000 scaffolds processed.
470000 scaffolds processed.
471000 scaffolds processed.
472000 scaffolds processed.
473000 scaffolds processed.
474000 scaffolds processed.
475000 scaffolds processed.
476000 scaffolds processed.
477000 scaffolds processed.
478000 scaffolds processed.
479000 scaffolds processed.
480000 scaffolds processed.
481000 scaffolds processed.
482000 scaffolds processed.
483000 scaffolds processed.
484000 scaffolds processed.
485000 scaffolds processed.
486000 scaffolds processed.
487000 scaffolds processed.
488000 scaffolds processed.
489000 scaffolds processed.
490000 scaffolds processed.
491000 scaffolds processed.
492000 scaffolds processed.
493000 scaffolds processed.
494000 scaffolds processed.
495000 scaffolds processed.
496000 scaffolds processed.
497000 scaffolds processed.
498000 scaffolds processed.
499000 scaffolds processed.
500000 scaffolds processed.
501000 scaffolds processed.
502000 scaffolds processed.
503000 scaffolds processed.
504000 scaffolds processed.
505000 scaffolds processed.
506000 scaffolds processed.
507000 scaffolds processed.
508000 scaffolds processed.
509000 scaffolds processed.
510000 scaffolds processed.
511000 scaffolds processed.
512000 scaffolds processed.
513000 scaffolds processed.
514000 scaffolds processed.
515000 scaffolds processed.
516000 scaffolds processed.
517000 scaffolds processed.
518000 scaffolds processed.
519000 scaffolds processed.
520000 scaffolds processed.
521000 scaffolds processed.
522000 scaffolds processed.
523000 scaffolds processed.
524000 scaffolds processed.
525000 scaffolds processed.
526000 scaffolds processed.
527000 scaffolds processed.
528000 scaffolds processed.
529000 scaffolds processed.
530000 scaffolds processed.
531000 scaffolds processed.
532000 scaffolds processed.
533000 scaffolds processed.
534000 scaffolds processed.
535000 scaffolds processed.

Done with 535461 scaffolds, 0 gaps finished, 1620406 gaps overall.

Overall time spent on constructing scaffolds: 810m.
Time for the whole pipeline: 1664m.
	Command being timed: "SOAPdenovo-63mer all -s /home/assembly/de-novo-assembly/conf/soapdenovo2/Rhagoletis_cerasi.ini -K 23 -R -o /home/assembly/de-novo-assembly/results/soapdenovo2/Rhagoletis_cerasi"
	User time (seconds): 209637.22
	System time (seconds): 3710.74
	Percent of CPU this job got: 213%
	Elapsed (wall clock) time (h:mm:ss or m:ss): 27:44:51
	Average shared text size (kbytes): 0
	Average unshared data size (kbytes): 0
	Average stack size (kbytes): 0
	Average total size (kbytes): 0
	Maximum resident set size (kbytes): 669321456
	Average resident set size (kbytes): 0
	Major (requiring I/O) page faults: 87817
	Minor (reclaiming a frame) page faults: 88250117
	Voluntary context switches: 2439759925
	Involuntary context switches: 272241521
	Swaps: 0
	File system inputs: 504205672
	File system outputs: 266246704
	Socket messages sent: 0
	Socket messages received: 0
	Signals delivered: 0
	Page size (bytes): 4096
	Exit status: 0
